[2025-02-14T09:46:54.198+0000] {processor.py:186} INFO - Started process (PID=713) to work on /home/airflow/.local/lib/python3.12/site-packages/airflow/example_dags/elfjane.py
[2025-02-14T09:46:54.199+0000] {processor.py:914} INFO - Processing file /home/airflow/.local/lib/python3.12/site-packages/airflow/example_dags/elfjane.py for tasks to queue
[2025-02-14T09:46:54.201+0000] {logging_mixin.py:190} INFO - [2025-02-14T09:46:54.200+0000] {dagbag.py:588} INFO - Filling up the DagBag from /home/airflow/.local/lib/python3.12/site-packages/airflow/example_dags/elfjane.py
[2025-02-14T09:46:54.213+0000] {processor.py:925} INFO - DAG(s) 'example_xcom' retrieved from /home/airflow/.local/lib/python3.12/site-packages/airflow/example_dags/elfjane.py
[2025-02-14T09:46:54.288+0000] {logging_mixin.py:190} INFO - [2025-02-14T09:46:54.287+0000] {dag.py:3239} INFO - Sync 1 DAGs
[2025-02-14T09:46:54.301+0000] {logging_mixin.py:190} INFO - [2025-02-14T09:46:54.300+0000] {dag.py:4180} INFO - Setting next_dagrun for example_xcom to 2021-01-01 00:00:00+00:00, run_after=2021-01-01 00:00:00+00:00
[2025-02-14T09:46:54.314+0000] {processor.py:208} INFO - Processing /home/airflow/.local/lib/python3.12/site-packages/airflow/example_dags/elfjane.py took 0.120 seconds
[2025-02-14T09:47:24.732+0000] {processor.py:186} INFO - Started process (PID=778) to work on /home/airflow/.local/lib/python3.12/site-packages/airflow/example_dags/elfjane.py
[2025-02-14T09:47:24.733+0000] {processor.py:914} INFO - Processing file /home/airflow/.local/lib/python3.12/site-packages/airflow/example_dags/elfjane.py for tasks to queue
[2025-02-14T09:47:24.735+0000] {logging_mixin.py:190} INFO - [2025-02-14T09:47:24.735+0000] {dagbag.py:588} INFO - Filling up the DagBag from /home/airflow/.local/lib/python3.12/site-packages/airflow/example_dags/elfjane.py
[2025-02-14T09:47:24.741+0000] {processor.py:925} INFO - DAG(s) 'example_xcom' retrieved from /home/airflow/.local/lib/python3.12/site-packages/airflow/example_dags/elfjane.py
[2025-02-14T09:47:24.753+0000] {logging_mixin.py:190} INFO - [2025-02-14T09:47:24.753+0000] {dag.py:3239} INFO - Sync 1 DAGs
[2025-02-14T09:47:24.768+0000] {logging_mixin.py:190} INFO - [2025-02-14T09:47:24.768+0000] {dag.py:4180} INFO - Setting next_dagrun for example_xcom to 2021-01-01 00:00:00+00:00, run_after=2021-01-01 00:00:00+00:00
[2025-02-14T09:47:24.779+0000] {processor.py:208} INFO - Processing /home/airflow/.local/lib/python3.12/site-packages/airflow/example_dags/elfjane.py took 0.051 seconds
[2025-02-14T09:47:55.063+0000] {processor.py:186} INFO - Started process (PID=847) to work on /home/airflow/.local/lib/python3.12/site-packages/airflow/example_dags/elfjane.py
[2025-02-14T09:47:55.070+0000] {processor.py:914} INFO - Processing file /home/airflow/.local/lib/python3.12/site-packages/airflow/example_dags/elfjane.py for tasks to queue
[2025-02-14T09:47:55.073+0000] {logging_mixin.py:190} INFO - [2025-02-14T09:47:55.073+0000] {dagbag.py:588} INFO - Filling up the DagBag from /home/airflow/.local/lib/python3.12/site-packages/airflow/example_dags/elfjane.py
[2025-02-14T09:47:55.080+0000] {processor.py:925} INFO - DAG(s) 'example_xcom' retrieved from /home/airflow/.local/lib/python3.12/site-packages/airflow/example_dags/elfjane.py
[2025-02-14T09:47:55.091+0000] {logging_mixin.py:190} INFO - [2025-02-14T09:47:55.091+0000] {dag.py:3239} INFO - Sync 1 DAGs
[2025-02-14T09:47:55.107+0000] {logging_mixin.py:190} INFO - [2025-02-14T09:47:55.107+0000] {dag.py:4180} INFO - Setting next_dagrun for example_xcom to 2021-01-01 00:00:00+00:00, run_after=2021-01-01 00:00:00+00:00
[2025-02-14T09:47:55.129+0000] {processor.py:208} INFO - Processing /home/airflow/.local/lib/python3.12/site-packages/airflow/example_dags/elfjane.py took 0.070 seconds
[2025-02-14T09:48:25.873+0000] {processor.py:186} INFO - Started process (PID=911) to work on /home/airflow/.local/lib/python3.12/site-packages/airflow/example_dags/elfjane.py
[2025-02-14T09:48:25.874+0000] {processor.py:914} INFO - Processing file /home/airflow/.local/lib/python3.12/site-packages/airflow/example_dags/elfjane.py for tasks to queue
[2025-02-14T09:48:25.877+0000] {logging_mixin.py:190} INFO - [2025-02-14T09:48:25.876+0000] {dagbag.py:588} INFO - Filling up the DagBag from /home/airflow/.local/lib/python3.12/site-packages/airflow/example_dags/elfjane.py
[2025-02-14T09:48:25.883+0000] {processor.py:925} INFO - DAG(s) 'example_xcom' retrieved from /home/airflow/.local/lib/python3.12/site-packages/airflow/example_dags/elfjane.py
[2025-02-14T09:48:25.949+0000] {logging_mixin.py:190} INFO - [2025-02-14T09:48:25.949+0000] {dag.py:3239} INFO - Sync 1 DAGs
[2025-02-14T09:48:25.962+0000] {logging_mixin.py:190} INFO - [2025-02-14T09:48:25.962+0000] {dag.py:4180} INFO - Setting next_dagrun for example_xcom to 2021-01-01 00:00:00+00:00, run_after=2021-01-01 00:00:00+00:00
[2025-02-14T09:48:25.977+0000] {processor.py:208} INFO - Processing /home/airflow/.local/lib/python3.12/site-packages/airflow/example_dags/elfjane.py took 0.107 seconds
[2025-02-14T09:48:56.786+0000] {processor.py:186} INFO - Started process (PID=975) to work on /home/airflow/.local/lib/python3.12/site-packages/airflow/example_dags/elfjane.py
[2025-02-14T09:48:56.786+0000] {processor.py:914} INFO - Processing file /home/airflow/.local/lib/python3.12/site-packages/airflow/example_dags/elfjane.py for tasks to queue
[2025-02-14T09:48:56.788+0000] {logging_mixin.py:190} INFO - [2025-02-14T09:48:56.788+0000] {dagbag.py:588} INFO - Filling up the DagBag from /home/airflow/.local/lib/python3.12/site-packages/airflow/example_dags/elfjane.py
[2025-02-14T09:48:56.794+0000] {processor.py:925} INFO - DAG(s) 'example_xcom' retrieved from /home/airflow/.local/lib/python3.12/site-packages/airflow/example_dags/elfjane.py
[2025-02-14T09:48:56.807+0000] {logging_mixin.py:190} INFO - [2025-02-14T09:48:56.806+0000] {dag.py:3239} INFO - Sync 1 DAGs
[2025-02-14T09:48:56.822+0000] {logging_mixin.py:190} INFO - [2025-02-14T09:48:56.822+0000] {dag.py:4180} INFO - Setting next_dagrun for example_xcom to 2021-01-01 00:00:00+00:00, run_after=2021-01-01 00:00:00+00:00
[2025-02-14T09:48:56.838+0000] {processor.py:208} INFO - Processing /home/airflow/.local/lib/python3.12/site-packages/airflow/example_dags/elfjane.py took 0.056 seconds
[2025-02-14T09:49:27.444+0000] {processor.py:186} INFO - Started process (PID=1039) to work on /home/airflow/.local/lib/python3.12/site-packages/airflow/example_dags/elfjane.py
[2025-02-14T09:49:27.445+0000] {processor.py:914} INFO - Processing file /home/airflow/.local/lib/python3.12/site-packages/airflow/example_dags/elfjane.py for tasks to queue
[2025-02-14T09:49:27.449+0000] {logging_mixin.py:190} INFO - [2025-02-14T09:49:27.449+0000] {dagbag.py:588} INFO - Filling up the DagBag from /home/airflow/.local/lib/python3.12/site-packages/airflow/example_dags/elfjane.py
[2025-02-14T09:49:27.458+0000] {processor.py:925} INFO - DAG(s) 'example_xcom' retrieved from /home/airflow/.local/lib/python3.12/site-packages/airflow/example_dags/elfjane.py
[2025-02-14T09:49:27.473+0000] {logging_mixin.py:190} INFO - [2025-02-14T09:49:27.473+0000] {dag.py:3239} INFO - Sync 1 DAGs
[2025-02-14T09:49:27.489+0000] {logging_mixin.py:190} INFO - [2025-02-14T09:49:27.488+0000] {dag.py:4180} INFO - Setting next_dagrun for example_xcom to 2021-01-01 00:00:00+00:00, run_after=2021-01-01 00:00:00+00:00
[2025-02-14T09:49:27.508+0000] {processor.py:208} INFO - Processing /home/airflow/.local/lib/python3.12/site-packages/airflow/example_dags/elfjane.py took 0.069 seconds
[2025-02-14T09:49:58.167+0000] {processor.py:186} INFO - Started process (PID=1103) to work on /home/airflow/.local/lib/python3.12/site-packages/airflow/example_dags/elfjane.py
[2025-02-14T09:49:58.169+0000] {processor.py:914} INFO - Processing file /home/airflow/.local/lib/python3.12/site-packages/airflow/example_dags/elfjane.py for tasks to queue
[2025-02-14T09:49:58.171+0000] {logging_mixin.py:190} INFO - [2025-02-14T09:49:58.171+0000] {dagbag.py:588} INFO - Filling up the DagBag from /home/airflow/.local/lib/python3.12/site-packages/airflow/example_dags/elfjane.py
[2025-02-14T09:49:58.181+0000] {processor.py:925} INFO - DAG(s) 'example_xcom' retrieved from /home/airflow/.local/lib/python3.12/site-packages/airflow/example_dags/elfjane.py
[2025-02-14T09:49:58.280+0000] {logging_mixin.py:190} INFO - [2025-02-14T09:49:58.280+0000] {dag.py:3239} INFO - Sync 1 DAGs
[2025-02-14T09:49:58.313+0000] {logging_mixin.py:190} INFO - [2025-02-14T09:49:58.313+0000] {dag.py:4180} INFO - Setting next_dagrun for example_xcom to 2021-01-01 00:00:00+00:00, run_after=2021-01-01 00:00:00+00:00
[2025-02-14T09:49:58.337+0000] {processor.py:208} INFO - Processing /home/airflow/.local/lib/python3.12/site-packages/airflow/example_dags/elfjane.py took 0.178 seconds
[2025-02-14T09:50:28.421+0000] {processor.py:186} INFO - Started process (PID=1168) to work on /home/airflow/.local/lib/python3.12/site-packages/airflow/example_dags/elfjane.py
[2025-02-14T09:50:28.423+0000] {processor.py:914} INFO - Processing file /home/airflow/.local/lib/python3.12/site-packages/airflow/example_dags/elfjane.py for tasks to queue
[2025-02-14T09:50:28.426+0000] {logging_mixin.py:190} INFO - [2025-02-14T09:50:28.425+0000] {dagbag.py:588} INFO - Filling up the DagBag from /home/airflow/.local/lib/python3.12/site-packages/airflow/example_dags/elfjane.py
[2025-02-14T09:50:28.432+0000] {processor.py:925} INFO - DAG(s) 'example_xcom' retrieved from /home/airflow/.local/lib/python3.12/site-packages/airflow/example_dags/elfjane.py
[2025-02-14T09:50:28.454+0000] {logging_mixin.py:190} INFO - [2025-02-14T09:50:28.454+0000] {dag.py:3239} INFO - Sync 1 DAGs
[2025-02-14T09:50:28.473+0000] {logging_mixin.py:190} INFO - [2025-02-14T09:50:28.473+0000] {dag.py:4180} INFO - Setting next_dagrun for example_xcom to 2021-01-01 00:00:00+00:00, run_after=2021-01-01 00:00:00+00:00
[2025-02-14T09:50:28.487+0000] {processor.py:208} INFO - Processing /home/airflow/.local/lib/python3.12/site-packages/airflow/example_dags/elfjane.py took 0.071 seconds
[2025-02-14T09:50:58.642+0000] {processor.py:186} INFO - Started process (PID=1254) to work on /home/airflow/.local/lib/python3.12/site-packages/airflow/example_dags/elfjane.py
[2025-02-14T09:50:58.643+0000] {processor.py:914} INFO - Processing file /home/airflow/.local/lib/python3.12/site-packages/airflow/example_dags/elfjane.py for tasks to queue
[2025-02-14T09:50:58.644+0000] {logging_mixin.py:190} INFO - [2025-02-14T09:50:58.644+0000] {dagbag.py:588} INFO - Filling up the DagBag from /home/airflow/.local/lib/python3.12/site-packages/airflow/example_dags/elfjane.py
[2025-02-14T09:50:58.650+0000] {processor.py:925} INFO - DAG(s) 'example_xcom' retrieved from /home/airflow/.local/lib/python3.12/site-packages/airflow/example_dags/elfjane.py
[2025-02-14T09:50:58.657+0000] {logging_mixin.py:190} INFO - [2025-02-14T09:50:58.657+0000] {dag.py:3239} INFO - Sync 1 DAGs
[2025-02-14T09:50:58.671+0000] {logging_mixin.py:190} INFO - [2025-02-14T09:50:58.671+0000] {dag.py:4180} INFO - Setting next_dagrun for example_xcom to 2021-01-01 00:00:00+00:00, run_after=2021-01-01 00:00:00+00:00
[2025-02-14T09:50:58.688+0000] {processor.py:208} INFO - Processing /home/airflow/.local/lib/python3.12/site-packages/airflow/example_dags/elfjane.py took 0.050 seconds
[2025-02-14T09:51:28.941+0000] {processor.py:186} INFO - Started process (PID=1319) to work on /home/airflow/.local/lib/python3.12/site-packages/airflow/example_dags/elfjane.py
[2025-02-14T09:51:28.942+0000] {processor.py:914} INFO - Processing file /home/airflow/.local/lib/python3.12/site-packages/airflow/example_dags/elfjane.py for tasks to queue
[2025-02-14T09:51:28.944+0000] {logging_mixin.py:190} INFO - [2025-02-14T09:51:28.943+0000] {dagbag.py:588} INFO - Filling up the DagBag from /home/airflow/.local/lib/python3.12/site-packages/airflow/example_dags/elfjane.py
[2025-02-14T09:51:28.950+0000] {processor.py:925} INFO - DAG(s) 'example_xcom' retrieved from /home/airflow/.local/lib/python3.12/site-packages/airflow/example_dags/elfjane.py
[2025-02-14T09:51:29.027+0000] {logging_mixin.py:190} INFO - [2025-02-14T09:51:29.027+0000] {dag.py:3239} INFO - Sync 1 DAGs
[2025-02-14T09:51:29.044+0000] {logging_mixin.py:190} INFO - [2025-02-14T09:51:29.043+0000] {dag.py:4180} INFO - Setting next_dagrun for example_xcom to 2021-01-01 00:00:00+00:00, run_after=2021-01-01 00:00:00+00:00
[2025-02-14T09:51:29.058+0000] {processor.py:208} INFO - Processing /home/airflow/.local/lib/python3.12/site-packages/airflow/example_dags/elfjane.py took 0.121 seconds
[2025-02-14T09:51:59.469+0000] {processor.py:186} INFO - Started process (PID=1383) to work on /home/airflow/.local/lib/python3.12/site-packages/airflow/example_dags/elfjane.py
[2025-02-14T09:51:59.470+0000] {processor.py:914} INFO - Processing file /home/airflow/.local/lib/python3.12/site-packages/airflow/example_dags/elfjane.py for tasks to queue
[2025-02-14T09:51:59.473+0000] {logging_mixin.py:190} INFO - [2025-02-14T09:51:59.472+0000] {dagbag.py:588} INFO - Filling up the DagBag from /home/airflow/.local/lib/python3.12/site-packages/airflow/example_dags/elfjane.py
[2025-02-14T09:51:59.480+0000] {processor.py:925} INFO - DAG(s) 'example_xcom' retrieved from /home/airflow/.local/lib/python3.12/site-packages/airflow/example_dags/elfjane.py
[2025-02-14T09:51:59.494+0000] {logging_mixin.py:190} INFO - [2025-02-14T09:51:59.494+0000] {dag.py:3239} INFO - Sync 1 DAGs
[2025-02-14T09:51:59.511+0000] {logging_mixin.py:190} INFO - [2025-02-14T09:51:59.511+0000] {dag.py:4180} INFO - Setting next_dagrun for example_xcom to 2021-01-01 00:00:00+00:00, run_after=2021-01-01 00:00:00+00:00
[2025-02-14T09:51:59.530+0000] {processor.py:208} INFO - Processing /home/airflow/.local/lib/python3.12/site-packages/airflow/example_dags/elfjane.py took 0.065 seconds
[2025-02-14T09:52:29.658+0000] {processor.py:186} INFO - Started process (PID=1447) to work on /home/airflow/.local/lib/python3.12/site-packages/airflow/example_dags/elfjane.py
[2025-02-14T09:52:29.659+0000] {processor.py:914} INFO - Processing file /home/airflow/.local/lib/python3.12/site-packages/airflow/example_dags/elfjane.py for tasks to queue
[2025-02-14T09:52:29.661+0000] {logging_mixin.py:190} INFO - [2025-02-14T09:52:29.661+0000] {dagbag.py:588} INFO - Filling up the DagBag from /home/airflow/.local/lib/python3.12/site-packages/airflow/example_dags/elfjane.py
[2025-02-14T09:52:29.668+0000] {processor.py:925} INFO - DAG(s) 'example_xcom' retrieved from /home/airflow/.local/lib/python3.12/site-packages/airflow/example_dags/elfjane.py
[2025-02-14T09:52:29.680+0000] {logging_mixin.py:190} INFO - [2025-02-14T09:52:29.679+0000] {dag.py:3239} INFO - Sync 1 DAGs
[2025-02-14T09:52:29.697+0000] {logging_mixin.py:190} INFO - [2025-02-14T09:52:29.697+0000] {dag.py:4180} INFO - Setting next_dagrun for example_xcom to 2021-01-01 00:00:00+00:00, run_after=2021-01-01 00:00:00+00:00
[2025-02-14T09:52:29.755+0000] {processor.py:208} INFO - Processing /home/airflow/.local/lib/python3.12/site-packages/airflow/example_dags/elfjane.py took 0.101 seconds
[2025-02-14T09:52:59.951+0000] {processor.py:186} INFO - Started process (PID=1511) to work on /home/airflow/.local/lib/python3.12/site-packages/airflow/example_dags/elfjane.py
[2025-02-14T09:52:59.951+0000] {processor.py:914} INFO - Processing file /home/airflow/.local/lib/python3.12/site-packages/airflow/example_dags/elfjane.py for tasks to queue
[2025-02-14T09:52:59.953+0000] {logging_mixin.py:190} INFO - [2025-02-14T09:52:59.953+0000] {dagbag.py:588} INFO - Filling up the DagBag from /home/airflow/.local/lib/python3.12/site-packages/airflow/example_dags/elfjane.py
[2025-02-14T09:52:59.959+0000] {processor.py:925} INFO - DAG(s) 'example_xcom' retrieved from /home/airflow/.local/lib/python3.12/site-packages/airflow/example_dags/elfjane.py
[2025-02-14T09:53:00.062+0000] {logging_mixin.py:190} INFO - [2025-02-14T09:53:00.062+0000] {dag.py:3239} INFO - Sync 1 DAGs
[2025-02-14T09:53:00.087+0000] {logging_mixin.py:190} INFO - [2025-02-14T09:53:00.086+0000] {dag.py:4180} INFO - Setting next_dagrun for example_xcom to 2021-01-01 00:00:00+00:00, run_after=2021-01-01 00:00:00+00:00
[2025-02-14T09:53:00.142+0000] {processor.py:208} INFO - Processing /home/airflow/.local/lib/python3.12/site-packages/airflow/example_dags/elfjane.py took 0.195 seconds
[2025-02-14T09:53:30.534+0000] {processor.py:186} INFO - Started process (PID=1576) to work on /home/airflow/.local/lib/python3.12/site-packages/airflow/example_dags/elfjane.py
[2025-02-14T09:53:30.536+0000] {processor.py:914} INFO - Processing file /home/airflow/.local/lib/python3.12/site-packages/airflow/example_dags/elfjane.py for tasks to queue
[2025-02-14T09:53:30.537+0000] {logging_mixin.py:190} INFO - [2025-02-14T09:53:30.537+0000] {dagbag.py:588} INFO - Filling up the DagBag from /home/airflow/.local/lib/python3.12/site-packages/airflow/example_dags/elfjane.py
[2025-02-14T09:53:30.543+0000] {processor.py:925} INFO - DAG(s) 'example_xcom' retrieved from /home/airflow/.local/lib/python3.12/site-packages/airflow/example_dags/elfjane.py
[2025-02-14T09:53:30.558+0000] {logging_mixin.py:190} INFO - [2025-02-14T09:53:30.557+0000] {dag.py:3239} INFO - Sync 1 DAGs
[2025-02-14T09:53:30.577+0000] {logging_mixin.py:190} INFO - [2025-02-14T09:53:30.577+0000] {dag.py:4180} INFO - Setting next_dagrun for example_xcom to 2021-01-01 00:00:00+00:00, run_after=2021-01-01 00:00:00+00:00
[2025-02-14T09:53:30.596+0000] {processor.py:208} INFO - Processing /home/airflow/.local/lib/python3.12/site-packages/airflow/example_dags/elfjane.py took 0.065 seconds
[2025-02-14T09:54:01.499+0000] {processor.py:186} INFO - Started process (PID=1645) to work on /home/airflow/.local/lib/python3.12/site-packages/airflow/example_dags/elfjane.py
[2025-02-14T09:54:01.504+0000] {processor.py:914} INFO - Processing file /home/airflow/.local/lib/python3.12/site-packages/airflow/example_dags/elfjane.py for tasks to queue
[2025-02-14T09:54:01.506+0000] {logging_mixin.py:190} INFO - [2025-02-14T09:54:01.506+0000] {dagbag.py:588} INFO - Filling up the DagBag from /home/airflow/.local/lib/python3.12/site-packages/airflow/example_dags/elfjane.py
[2025-02-14T09:54:01.512+0000] {processor.py:925} INFO - DAG(s) 'example_xcom' retrieved from /home/airflow/.local/lib/python3.12/site-packages/airflow/example_dags/elfjane.py
[2025-02-14T09:54:01.520+0000] {logging_mixin.py:190} INFO - [2025-02-14T09:54:01.519+0000] {dag.py:3239} INFO - Sync 1 DAGs
[2025-02-14T09:54:01.572+0000] {logging_mixin.py:190} INFO - [2025-02-14T09:54:01.572+0000] {dag.py:4180} INFO - Setting next_dagrun for example_xcom to 2021-01-01 00:00:00+00:00, run_after=2021-01-01 00:00:00+00:00
[2025-02-14T09:54:01.590+0000] {processor.py:208} INFO - Processing /home/airflow/.local/lib/python3.12/site-packages/airflow/example_dags/elfjane.py took 0.095 seconds
[2025-02-14T09:54:32.494+0000] {processor.py:186} INFO - Started process (PID=1711) to work on /home/airflow/.local/lib/python3.12/site-packages/airflow/example_dags/elfjane.py
[2025-02-14T09:54:32.495+0000] {processor.py:914} INFO - Processing file /home/airflow/.local/lib/python3.12/site-packages/airflow/example_dags/elfjane.py for tasks to queue
[2025-02-14T09:54:32.497+0000] {logging_mixin.py:190} INFO - [2025-02-14T09:54:32.496+0000] {dagbag.py:588} INFO - Filling up the DagBag from /home/airflow/.local/lib/python3.12/site-packages/airflow/example_dags/elfjane.py
[2025-02-14T09:54:32.502+0000] {processor.py:925} INFO - DAG(s) 'example_xcom' retrieved from /home/airflow/.local/lib/python3.12/site-packages/airflow/example_dags/elfjane.py
[2025-02-14T09:54:32.566+0000] {logging_mixin.py:190} INFO - [2025-02-14T09:54:32.566+0000] {dag.py:3239} INFO - Sync 1 DAGs
[2025-02-14T09:54:32.580+0000] {logging_mixin.py:190} INFO - [2025-02-14T09:54:32.580+0000] {dag.py:4180} INFO - Setting next_dagrun for example_xcom to 2021-01-01 00:00:00+00:00, run_after=2021-01-01 00:00:00+00:00
[2025-02-14T09:54:32.591+0000] {processor.py:208} INFO - Processing /home/airflow/.local/lib/python3.12/site-packages/airflow/example_dags/elfjane.py took 0.102 seconds
[2025-02-14T09:55:03.233+0000] {processor.py:186} INFO - Started process (PID=1775) to work on /home/airflow/.local/lib/python3.12/site-packages/airflow/example_dags/elfjane.py
[2025-02-14T09:55:03.235+0000] {processor.py:914} INFO - Processing file /home/airflow/.local/lib/python3.12/site-packages/airflow/example_dags/elfjane.py for tasks to queue
[2025-02-14T09:55:03.237+0000] {logging_mixin.py:190} INFO - [2025-02-14T09:55:03.237+0000] {dagbag.py:588} INFO - Filling up the DagBag from /home/airflow/.local/lib/python3.12/site-packages/airflow/example_dags/elfjane.py
[2025-02-14T09:55:03.244+0000] {processor.py:925} INFO - DAG(s) 'example_xcom' retrieved from /home/airflow/.local/lib/python3.12/site-packages/airflow/example_dags/elfjane.py
[2025-02-14T09:55:03.269+0000] {logging_mixin.py:190} INFO - [2025-02-14T09:55:03.269+0000] {dag.py:3239} INFO - Sync 1 DAGs
[2025-02-14T09:55:03.306+0000] {logging_mixin.py:190} INFO - [2025-02-14T09:55:03.306+0000] {dag.py:4180} INFO - Setting next_dagrun for example_xcom to 2021-01-01 00:00:00+00:00, run_after=2021-01-01 00:00:00+00:00
[2025-02-14T09:55:03.335+0000] {processor.py:208} INFO - Processing /home/airflow/.local/lib/python3.12/site-packages/airflow/example_dags/elfjane.py took 0.106 seconds
[2025-02-14T09:55:34.094+0000] {processor.py:186} INFO - Started process (PID=1840) to work on /home/airflow/.local/lib/python3.12/site-packages/airflow/example_dags/elfjane.py
[2025-02-14T09:55:34.095+0000] {processor.py:914} INFO - Processing file /home/airflow/.local/lib/python3.12/site-packages/airflow/example_dags/elfjane.py for tasks to queue
[2025-02-14T09:55:34.097+0000] {logging_mixin.py:190} INFO - [2025-02-14T09:55:34.097+0000] {dagbag.py:588} INFO - Filling up the DagBag from /home/airflow/.local/lib/python3.12/site-packages/airflow/example_dags/elfjane.py
[2025-02-14T09:55:34.105+0000] {processor.py:925} INFO - DAG(s) 'example_xcom' retrieved from /home/airflow/.local/lib/python3.12/site-packages/airflow/example_dags/elfjane.py
[2025-02-14T09:55:34.113+0000] {logging_mixin.py:190} INFO - [2025-02-14T09:55:34.113+0000] {dag.py:3239} INFO - Sync 1 DAGs
[2025-02-14T09:55:34.129+0000] {logging_mixin.py:190} INFO - [2025-02-14T09:55:34.129+0000] {dag.py:4180} INFO - Setting next_dagrun for example_xcom to 2021-01-01 00:00:00+00:00, run_after=2021-01-01 00:00:00+00:00
[2025-02-14T09:55:34.169+0000] {processor.py:208} INFO - Processing /home/airflow/.local/lib/python3.12/site-packages/airflow/example_dags/elfjane.py took 0.080 seconds
[2025-02-14T09:56:04.874+0000] {processor.py:186} INFO - Started process (PID=1904) to work on /home/airflow/.local/lib/python3.12/site-packages/airflow/example_dags/elfjane.py
[2025-02-14T09:56:04.875+0000] {processor.py:914} INFO - Processing file /home/airflow/.local/lib/python3.12/site-packages/airflow/example_dags/elfjane.py for tasks to queue
[2025-02-14T09:56:04.877+0000] {logging_mixin.py:190} INFO - [2025-02-14T09:56:04.877+0000] {dagbag.py:588} INFO - Filling up the DagBag from /home/airflow/.local/lib/python3.12/site-packages/airflow/example_dags/elfjane.py
[2025-02-14T09:56:04.882+0000] {processor.py:925} INFO - DAG(s) 'example_xcom' retrieved from /home/airflow/.local/lib/python3.12/site-packages/airflow/example_dags/elfjane.py
[2025-02-14T09:56:04.949+0000] {logging_mixin.py:190} INFO - [2025-02-14T09:56:04.949+0000] {dag.py:3239} INFO - Sync 1 DAGs
[2025-02-14T09:56:04.963+0000] {logging_mixin.py:190} INFO - [2025-02-14T09:56:04.963+0000] {dag.py:4180} INFO - Setting next_dagrun for example_xcom to 2021-01-01 00:00:00+00:00, run_after=2021-01-01 00:00:00+00:00
[2025-02-14T09:56:04.980+0000] {processor.py:208} INFO - Processing /home/airflow/.local/lib/python3.12/site-packages/airflow/example_dags/elfjane.py took 0.109 seconds
[2025-02-14T09:56:35.572+0000] {processor.py:186} INFO - Started process (PID=1968) to work on /home/airflow/.local/lib/python3.12/site-packages/airflow/example_dags/elfjane.py
[2025-02-14T09:56:35.574+0000] {processor.py:914} INFO - Processing file /home/airflow/.local/lib/python3.12/site-packages/airflow/example_dags/elfjane.py for tasks to queue
[2025-02-14T09:56:35.576+0000] {logging_mixin.py:190} INFO - [2025-02-14T09:56:35.576+0000] {dagbag.py:588} INFO - Filling up the DagBag from /home/airflow/.local/lib/python3.12/site-packages/airflow/example_dags/elfjane.py
[2025-02-14T09:56:35.583+0000] {processor.py:925} INFO - DAG(s) 'example_xcom' retrieved from /home/airflow/.local/lib/python3.12/site-packages/airflow/example_dags/elfjane.py
[2025-02-14T09:56:35.602+0000] {logging_mixin.py:190} INFO - [2025-02-14T09:56:35.602+0000] {dag.py:3239} INFO - Sync 1 DAGs
[2025-02-14T09:56:35.632+0000] {logging_mixin.py:190} INFO - [2025-02-14T09:56:35.631+0000] {dag.py:4180} INFO - Setting next_dagrun for example_xcom to 2021-01-01 00:00:00+00:00, run_after=2021-01-01 00:00:00+00:00
[2025-02-14T09:56:35.654+0000] {processor.py:208} INFO - Processing /home/airflow/.local/lib/python3.12/site-packages/airflow/example_dags/elfjane.py took 0.086 seconds
[2025-02-14T09:57:06.338+0000] {processor.py:186} INFO - Started process (PID=2032) to work on /home/airflow/.local/lib/python3.12/site-packages/airflow/example_dags/elfjane.py
[2025-02-14T09:57:06.338+0000] {processor.py:914} INFO - Processing file /home/airflow/.local/lib/python3.12/site-packages/airflow/example_dags/elfjane.py for tasks to queue
[2025-02-14T09:57:06.341+0000] {logging_mixin.py:190} INFO - [2025-02-14T09:57:06.340+0000] {dagbag.py:588} INFO - Filling up the DagBag from /home/airflow/.local/lib/python3.12/site-packages/airflow/example_dags/elfjane.py
[2025-02-14T09:57:06.349+0000] {processor.py:925} INFO - DAG(s) 'example_xcom' retrieved from /home/airflow/.local/lib/python3.12/site-packages/airflow/example_dags/elfjane.py
[2025-02-14T09:57:06.361+0000] {logging_mixin.py:190} INFO - [2025-02-14T09:57:06.361+0000] {dag.py:3239} INFO - Sync 1 DAGs
[2025-02-14T09:57:06.378+0000] {logging_mixin.py:190} INFO - [2025-02-14T09:57:06.377+0000] {dag.py:4180} INFO - Setting next_dagrun for example_xcom to 2021-01-01 00:00:00+00:00, run_after=2021-01-01 00:00:00+00:00
[2025-02-14T09:57:06.410+0000] {processor.py:208} INFO - Processing /home/airflow/.local/lib/python3.12/site-packages/airflow/example_dags/elfjane.py took 0.077 seconds
[2025-02-14T09:57:36.922+0000] {processor.py:186} INFO - Started process (PID=2096) to work on /home/airflow/.local/lib/python3.12/site-packages/airflow/example_dags/elfjane.py
[2025-02-14T09:57:36.924+0000] {processor.py:914} INFO - Processing file /home/airflow/.local/lib/python3.12/site-packages/airflow/example_dags/elfjane.py for tasks to queue
[2025-02-14T09:57:36.926+0000] {logging_mixin.py:190} INFO - [2025-02-14T09:57:36.926+0000] {dagbag.py:588} INFO - Filling up the DagBag from /home/airflow/.local/lib/python3.12/site-packages/airflow/example_dags/elfjane.py
[2025-02-14T09:57:36.934+0000] {processor.py:925} INFO - DAG(s) 'example_xcom' retrieved from /home/airflow/.local/lib/python3.12/site-packages/airflow/example_dags/elfjane.py
[2025-02-14T09:57:37.026+0000] {logging_mixin.py:190} INFO - [2025-02-14T09:57:37.026+0000] {dag.py:3239} INFO - Sync 1 DAGs
[2025-02-14T09:57:37.044+0000] {logging_mixin.py:190} INFO - [2025-02-14T09:57:37.043+0000] {dag.py:4180} INFO - Setting next_dagrun for example_xcom to 2021-01-01 00:00:00+00:00, run_after=2021-01-01 00:00:00+00:00
[2025-02-14T09:57:37.067+0000] {processor.py:208} INFO - Processing /home/airflow/.local/lib/python3.12/site-packages/airflow/example_dags/elfjane.py took 0.152 seconds
[2025-02-14T09:58:07.991+0000] {processor.py:186} INFO - Started process (PID=2160) to work on /home/airflow/.local/lib/python3.12/site-packages/airflow/example_dags/elfjane.py
[2025-02-14T09:58:07.992+0000] {processor.py:914} INFO - Processing file /home/airflow/.local/lib/python3.12/site-packages/airflow/example_dags/elfjane.py for tasks to queue
[2025-02-14T09:58:07.994+0000] {logging_mixin.py:190} INFO - [2025-02-14T09:58:07.994+0000] {dagbag.py:588} INFO - Filling up the DagBag from /home/airflow/.local/lib/python3.12/site-packages/airflow/example_dags/elfjane.py
[2025-02-14T09:58:08.000+0000] {processor.py:925} INFO - DAG(s) 'example_xcom' retrieved from /home/airflow/.local/lib/python3.12/site-packages/airflow/example_dags/elfjane.py
[2025-02-14T09:58:08.014+0000] {logging_mixin.py:190} INFO - [2025-02-14T09:58:08.014+0000] {dag.py:3239} INFO - Sync 1 DAGs
[2025-02-14T09:58:08.037+0000] {logging_mixin.py:190} INFO - [2025-02-14T09:58:08.037+0000] {dag.py:4180} INFO - Setting next_dagrun for example_xcom to 2021-01-01 00:00:00+00:00, run_after=2021-01-01 00:00:00+00:00
[2025-02-14T09:58:08.050+0000] {processor.py:208} INFO - Processing /home/airflow/.local/lib/python3.12/site-packages/airflow/example_dags/elfjane.py took 0.063 seconds
[2025-02-14T09:58:38.594+0000] {processor.py:186} INFO - Started process (PID=2224) to work on /home/airflow/.local/lib/python3.12/site-packages/airflow/example_dags/elfjane.py
[2025-02-14T09:58:38.595+0000] {processor.py:914} INFO - Processing file /home/airflow/.local/lib/python3.12/site-packages/airflow/example_dags/elfjane.py for tasks to queue
[2025-02-14T09:58:38.597+0000] {logging_mixin.py:190} INFO - [2025-02-14T09:58:38.597+0000] {dagbag.py:588} INFO - Filling up the DagBag from /home/airflow/.local/lib/python3.12/site-packages/airflow/example_dags/elfjane.py
[2025-02-14T09:58:38.603+0000] {processor.py:925} INFO - DAG(s) 'example_xcom' retrieved from /home/airflow/.local/lib/python3.12/site-packages/airflow/example_dags/elfjane.py
[2025-02-14T09:58:38.611+0000] {logging_mixin.py:190} INFO - [2025-02-14T09:58:38.611+0000] {dag.py:3239} INFO - Sync 1 DAGs
[2025-02-14T09:58:38.625+0000] {logging_mixin.py:190} INFO - [2025-02-14T09:58:38.625+0000] {dag.py:4180} INFO - Setting next_dagrun for example_xcom to 2021-01-01 00:00:00+00:00, run_after=2021-01-01 00:00:00+00:00
[2025-02-14T09:58:38.641+0000] {processor.py:208} INFO - Processing /home/airflow/.local/lib/python3.12/site-packages/airflow/example_dags/elfjane.py took 0.051 seconds
[2025-02-14T09:59:09.424+0000] {processor.py:186} INFO - Started process (PID=2288) to work on /home/airflow/.local/lib/python3.12/site-packages/airflow/example_dags/elfjane.py
[2025-02-14T09:59:09.425+0000] {processor.py:914} INFO - Processing file /home/airflow/.local/lib/python3.12/site-packages/airflow/example_dags/elfjane.py for tasks to queue
[2025-02-14T09:59:09.426+0000] {logging_mixin.py:190} INFO - [2025-02-14T09:59:09.426+0000] {dagbag.py:588} INFO - Filling up the DagBag from /home/airflow/.local/lib/python3.12/site-packages/airflow/example_dags/elfjane.py
[2025-02-14T09:59:09.433+0000] {processor.py:925} INFO - DAG(s) 'example_xcom' retrieved from /home/airflow/.local/lib/python3.12/site-packages/airflow/example_dags/elfjane.py
[2025-02-14T09:59:09.503+0000] {logging_mixin.py:190} INFO - [2025-02-14T09:59:09.503+0000] {dag.py:3239} INFO - Sync 1 DAGs
[2025-02-14T09:59:09.531+0000] {logging_mixin.py:190} INFO - [2025-02-14T09:59:09.530+0000] {dag.py:4180} INFO - Setting next_dagrun for example_xcom to 2021-01-01 00:00:00+00:00, run_after=2021-01-01 00:00:00+00:00
[2025-02-14T09:59:09.554+0000] {processor.py:208} INFO - Processing /home/airflow/.local/lib/python3.12/site-packages/airflow/example_dags/elfjane.py took 0.134 seconds
[2025-02-14T09:59:39.681+0000] {processor.py:186} INFO - Started process (PID=2352) to work on /home/airflow/.local/lib/python3.12/site-packages/airflow/example_dags/elfjane.py
[2025-02-14T09:59:39.684+0000] {processor.py:914} INFO - Processing file /home/airflow/.local/lib/python3.12/site-packages/airflow/example_dags/elfjane.py for tasks to queue
[2025-02-14T09:59:39.686+0000] {logging_mixin.py:190} INFO - [2025-02-14T09:59:39.686+0000] {dagbag.py:588} INFO - Filling up the DagBag from /home/airflow/.local/lib/python3.12/site-packages/airflow/example_dags/elfjane.py
[2025-02-14T09:59:39.694+0000] {processor.py:925} INFO - DAG(s) 'example_xcom' retrieved from /home/airflow/.local/lib/python3.12/site-packages/airflow/example_dags/elfjane.py
[2025-02-14T09:59:39.708+0000] {logging_mixin.py:190} INFO - [2025-02-14T09:59:39.708+0000] {dag.py:3239} INFO - Sync 1 DAGs
[2025-02-14T09:59:39.724+0000] {logging_mixin.py:190} INFO - [2025-02-14T09:59:39.724+0000] {dag.py:4180} INFO - Setting next_dagrun for example_xcom to 2021-01-01 00:00:00+00:00, run_after=2021-01-01 00:00:00+00:00
[2025-02-14T09:59:39.745+0000] {processor.py:208} INFO - Processing /home/airflow/.local/lib/python3.12/site-packages/airflow/example_dags/elfjane.py took 0.070 seconds
[2025-02-14T10:00:10.440+0000] {processor.py:186} INFO - Started process (PID=2416) to work on /home/airflow/.local/lib/python3.12/site-packages/airflow/example_dags/elfjane.py
[2025-02-14T10:00:10.448+0000] {processor.py:914} INFO - Processing file /home/airflow/.local/lib/python3.12/site-packages/airflow/example_dags/elfjane.py for tasks to queue
[2025-02-14T10:00:10.461+0000] {logging_mixin.py:190} INFO - [2025-02-14T10:00:10.461+0000] {dagbag.py:588} INFO - Filling up the DagBag from /home/airflow/.local/lib/python3.12/site-packages/airflow/example_dags/elfjane.py
[2025-02-14T10:00:10.468+0000] {processor.py:925} INFO - DAG(s) 'example_xcom' retrieved from /home/airflow/.local/lib/python3.12/site-packages/airflow/example_dags/elfjane.py
[2025-02-14T10:00:10.476+0000] {logging_mixin.py:190} INFO - [2025-02-14T10:00:10.476+0000] {dag.py:3239} INFO - Sync 1 DAGs
[2025-02-14T10:00:10.494+0000] {logging_mixin.py:190} INFO - [2025-02-14T10:00:10.494+0000] {dag.py:4180} INFO - Setting next_dagrun for example_xcom to 2021-01-01 00:00:00+00:00, run_after=2021-01-01 00:00:00+00:00
[2025-02-14T10:00:10.509+0000] {processor.py:208} INFO - Processing /home/airflow/.local/lib/python3.12/site-packages/airflow/example_dags/elfjane.py took 0.072 seconds
[2025-02-14T10:00:41.224+0000] {processor.py:186} INFO - Started process (PID=2480) to work on /home/airflow/.local/lib/python3.12/site-packages/airflow/example_dags/elfjane.py
[2025-02-14T10:00:41.225+0000] {processor.py:914} INFO - Processing file /home/airflow/.local/lib/python3.12/site-packages/airflow/example_dags/elfjane.py for tasks to queue
[2025-02-14T10:00:41.227+0000] {logging_mixin.py:190} INFO - [2025-02-14T10:00:41.227+0000] {dagbag.py:588} INFO - Filling up the DagBag from /home/airflow/.local/lib/python3.12/site-packages/airflow/example_dags/elfjane.py
[2025-02-14T10:00:41.234+0000] {processor.py:925} INFO - DAG(s) 'example_xcom' retrieved from /home/airflow/.local/lib/python3.12/site-packages/airflow/example_dags/elfjane.py
[2025-02-14T10:00:41.307+0000] {logging_mixin.py:190} INFO - [2025-02-14T10:00:41.307+0000] {dag.py:3239} INFO - Sync 1 DAGs
[2025-02-14T10:00:41.321+0000] {logging_mixin.py:190} INFO - [2025-02-14T10:00:41.321+0000] {dag.py:4180} INFO - Setting next_dagrun for example_xcom to 2021-01-01 00:00:00+00:00, run_after=2021-01-01 00:00:00+00:00
[2025-02-14T10:00:41.349+0000] {processor.py:208} INFO - Processing /home/airflow/.local/lib/python3.12/site-packages/airflow/example_dags/elfjane.py took 0.129 seconds
[2025-02-14T10:01:11.453+0000] {processor.py:186} INFO - Started process (PID=2544) to work on /home/airflow/.local/lib/python3.12/site-packages/airflow/example_dags/elfjane.py
[2025-02-14T10:01:11.455+0000] {processor.py:914} INFO - Processing file /home/airflow/.local/lib/python3.12/site-packages/airflow/example_dags/elfjane.py for tasks to queue
[2025-02-14T10:01:11.457+0000] {logging_mixin.py:190} INFO - [2025-02-14T10:01:11.456+0000] {dagbag.py:588} INFO - Filling up the DagBag from /home/airflow/.local/lib/python3.12/site-packages/airflow/example_dags/elfjane.py
[2025-02-14T10:01:11.463+0000] {processor.py:925} INFO - DAG(s) 'example_xcom' retrieved from /home/airflow/.local/lib/python3.12/site-packages/airflow/example_dags/elfjane.py
[2025-02-14T10:01:11.478+0000] {logging_mixin.py:190} INFO - [2025-02-14T10:01:11.478+0000] {dag.py:3239} INFO - Sync 1 DAGs
[2025-02-14T10:01:11.493+0000] {logging_mixin.py:190} INFO - [2025-02-14T10:01:11.492+0000] {dag.py:4180} INFO - Setting next_dagrun for example_xcom to 2021-01-01 00:00:00+00:00, run_after=2021-01-01 00:00:00+00:00
[2025-02-14T10:01:11.550+0000] {processor.py:208} INFO - Processing /home/airflow/.local/lib/python3.12/site-packages/airflow/example_dags/elfjane.py took 0.101 seconds
[2025-02-14T10:01:42.046+0000] {processor.py:186} INFO - Started process (PID=2611) to work on /home/airflow/.local/lib/python3.12/site-packages/airflow/example_dags/elfjane.py
[2025-02-14T10:01:42.048+0000] {processor.py:914} INFO - Processing file /home/airflow/.local/lib/python3.12/site-packages/airflow/example_dags/elfjane.py for tasks to queue
[2025-02-14T10:01:42.051+0000] {logging_mixin.py:190} INFO - [2025-02-14T10:01:42.050+0000] {dagbag.py:588} INFO - Filling up the DagBag from /home/airflow/.local/lib/python3.12/site-packages/airflow/example_dags/elfjane.py
[2025-02-14T10:01:42.060+0000] {processor.py:925} INFO - DAG(s) 'example_xcom' retrieved from /home/airflow/.local/lib/python3.12/site-packages/airflow/example_dags/elfjane.py
[2025-02-14T10:01:42.068+0000] {logging_mixin.py:190} INFO - [2025-02-14T10:01:42.068+0000] {dag.py:3239} INFO - Sync 1 DAGs
[2025-02-14T10:01:42.084+0000] {logging_mixin.py:190} INFO - [2025-02-14T10:01:42.084+0000] {dag.py:4180} INFO - Setting next_dagrun for example_xcom to 2021-01-01 00:00:00+00:00, run_after=2021-01-01 00:00:00+00:00
[2025-02-14T10:01:42.103+0000] {processor.py:208} INFO - Processing /home/airflow/.local/lib/python3.12/site-packages/airflow/example_dags/elfjane.py took 0.065 seconds
[2025-02-14T10:02:12.563+0000] {processor.py:186} INFO - Started process (PID=2699) to work on /home/airflow/.local/lib/python3.12/site-packages/airflow/example_dags/elfjane.py
[2025-02-14T10:02:12.564+0000] {processor.py:914} INFO - Processing file /home/airflow/.local/lib/python3.12/site-packages/airflow/example_dags/elfjane.py for tasks to queue
[2025-02-14T10:02:12.565+0000] {logging_mixin.py:190} INFO - [2025-02-14T10:02:12.565+0000] {dagbag.py:588} INFO - Filling up the DagBag from /home/airflow/.local/lib/python3.12/site-packages/airflow/example_dags/elfjane.py
[2025-02-14T10:02:12.572+0000] {processor.py:925} INFO - DAG(s) 'example_xcom' retrieved from /home/airflow/.local/lib/python3.12/site-packages/airflow/example_dags/elfjane.py
[2025-02-14T10:02:12.638+0000] {logging_mixin.py:190} INFO - [2025-02-14T10:02:12.638+0000] {dag.py:3239} INFO - Sync 1 DAGs
[2025-02-14T10:02:12.657+0000] {logging_mixin.py:190} INFO - [2025-02-14T10:02:12.657+0000] {dag.py:4180} INFO - Setting next_dagrun for example_xcom to 2021-01-01 00:00:00+00:00, run_after=2021-01-01 00:00:00+00:00
[2025-02-14T10:02:12.675+0000] {processor.py:208} INFO - Processing /home/airflow/.local/lib/python3.12/site-packages/airflow/example_dags/elfjane.py took 0.116 seconds
[2025-02-14T10:02:42.949+0000] {processor.py:186} INFO - Started process (PID=2807) to work on /home/airflow/.local/lib/python3.12/site-packages/airflow/example_dags/elfjane.py
[2025-02-14T10:02:42.950+0000] {processor.py:914} INFO - Processing file /home/airflow/.local/lib/python3.12/site-packages/airflow/example_dags/elfjane.py for tasks to queue
[2025-02-14T10:02:42.951+0000] {logging_mixin.py:190} INFO - [2025-02-14T10:02:42.951+0000] {dagbag.py:588} INFO - Filling up the DagBag from /home/airflow/.local/lib/python3.12/site-packages/airflow/example_dags/elfjane.py
[2025-02-14T10:02:42.957+0000] {processor.py:925} INFO - DAG(s) 'example_xcom' retrieved from /home/airflow/.local/lib/python3.12/site-packages/airflow/example_dags/elfjane.py
[2025-02-14T10:02:42.970+0000] {logging_mixin.py:190} INFO - [2025-02-14T10:02:42.970+0000] {dag.py:3239} INFO - Sync 1 DAGs
[2025-02-14T10:02:42.987+0000] {logging_mixin.py:190} INFO - [2025-02-14T10:02:42.986+0000] {dag.py:4180} INFO - Setting next_dagrun for example_xcom to 2021-01-01 00:00:00+00:00, run_after=2021-01-01 00:00:00+00:00
[2025-02-14T10:02:43.005+0000] {processor.py:208} INFO - Processing /home/airflow/.local/lib/python3.12/site-packages/airflow/example_dags/elfjane.py took 0.060 seconds
