[2025-02-17T01:31:32.564+0000] {local_task_job_runner.py:123} INFO - ::group::Pre task execution logs
[2025-02-17T01:31:32.622+0000] {taskinstance.py:2614} INFO - Dependencies all met for dep_context=non-requeueable deps ti=<TaskInstance: new_dag.push_message scheduled__2025-02-14T00:00:00+00:00 [queued]>
[2025-02-17T01:31:32.636+0000] {taskinstance.py:2614} INFO - Dependencies all met for dep_context=requeueable deps ti=<TaskInstance: new_dag.push_message scheduled__2025-02-14T00:00:00+00:00 [queued]>
[2025-02-17T01:31:32.637+0000] {taskinstance.py:2867} INFO - Starting attempt 1 of 1
[2025-02-17T01:31:33.027+0000] {taskinstance.py:2890} INFO - Executing <Task(PythonOperator): push_message> on 2025-02-14 00:00:00+00:00
[2025-02-17T01:31:33.045+0000] {warnings.py:112} WARNING - /home/***/.local/lib/python3.12/site-packages/***/task/task_runner/standard_task_runner.py:70: DeprecationWarning: This process (pid=282) is multi-threaded, use of fork() may lead to deadlocks in the child.
  pid = os.fork()

[2025-02-17T01:31:33.048+0000] {standard_task_runner.py:104} INFO - Running: ['***', 'tasks', 'run', 'new_dag', 'push_message', 'scheduled__2025-02-14T00:00:00+00:00', '--job-id', '44', '--raw', '--subdir', 'DAGS_FOLDER/new_dag.py', '--cfg-path', '/tmp/tmpvdmjpp4v']
[2025-02-17T01:31:33.052+0000] {standard_task_runner.py:72} INFO - Started process 295 to run task
[2025-02-17T01:31:33.059+0000] {standard_task_runner.py:105} INFO - Job 44: Subtask push_message
[2025-02-17T01:31:33.148+0000] {task_command.py:467} INFO - Running <TaskInstance: new_dag.push_message scheduled__2025-02-14T00:00:00+00:00 [running]> on host 7b78e6c4b0cc
[2025-02-17T01:31:33.321+0000] {taskinstance.py:3134} INFO - Exporting env vars: AIRFLOW_CTX_DAG_OWNER='***' AIRFLOW_CTX_DAG_ID='new_dag' AIRFLOW_CTX_TASK_ID='push_message' AIRFLOW_CTX_EXECUTION_DATE='2025-02-14T00:00:00+00:00' AIRFLOW_CTX_TRY_NUMBER='1' AIRFLOW_CTX_DAG_RUN_ID='scheduled__2025-02-14T00:00:00+00:00'
[2025-02-17T01:31:33.335+0000] {logging_mixin.py:190} INFO - Task instance is in running state
[2025-02-17T01:31:33.396+0000] {logging_mixin.py:190} INFO -  Previous state of the Task instance: queued
[2025-02-17T01:31:33.458+0000] {logging_mixin.py:190} INFO - Current task name:push_message state:running start_date:2025-02-17 01:31:32.624952+00:00
[2025-02-17T01:31:33.488+0000] {logging_mixin.py:190} INFO - Dag name:new_dag and current dag run status:running
[2025-02-17T01:31:33.527+0000] {taskinstance.py:732} INFO - ::endgroup::
[2025-02-17T01:31:33.571+0000] {python.py:240} INFO - Done. Returned value was: None
[2025-02-17T01:31:33.594+0000] {taskinstance.py:341} INFO - ::group::Post task execution logs
[2025-02-17T01:31:33.608+0000] {taskinstance.py:353} INFO - Marking task as SUCCESS. dag_id=new_dag, task_id=push_message, run_id=scheduled__2025-02-14T00:00:00+00:00, execution_date=20250214T000000, start_date=20250217T013132, end_date=20250217T013133
[2025-02-17T01:31:33.982+0000] {logging_mixin.py:190} INFO - Task instance in success state
[2025-02-17T01:31:33.989+0000] {logging_mixin.py:190} INFO -  Previous state of the Task instance: running
[2025-02-17T01:31:34.030+0000] {logging_mixin.py:190} INFO - Dag name:new_dag queued_at:2025-02-17 01:31:27.801388+00:00
[2025-02-17T01:31:34.033+0000] {logging_mixin.py:190} INFO - Task hostname:7b78e6c4b0cc operator:PythonOperator
[2025-02-17T01:31:34.081+0000] {local_task_job_runner.py:266} INFO - Task exited with return code 0
[2025-02-17T01:31:34.094+0000] {local_task_job_runner.py:245} INFO - ::endgroup::
