[2025-02-14T10:01:55.489+0000] {processor.py:186} INFO - Started process (PID=2676) to work on /opt/airflow/dags/elfjane.py
[2025-02-14T10:01:55.491+0000] {processor.py:914} INFO - Processing file /opt/airflow/dags/elfjane.py for tasks to queue
[2025-02-14T10:01:55.493+0000] {logging_mixin.py:190} INFO - [2025-02-14T10:01:55.492+0000] {dagbag.py:588} INFO - Filling up the DagBag from /opt/airflow/dags/elfjane.py
[2025-02-14T10:01:55.520+0000] {processor.py:925} INFO - DAG(s) 'elfjane' retrieved from /opt/airflow/dags/elfjane.py
[2025-02-14T10:01:55.634+0000] {logging_mixin.py:190} INFO - [2025-02-14T10:01:55.634+0000] {override.py:1912} INFO - Created Permission View: can edit on DAG:elfjane
[2025-02-14T10:01:55.643+0000] {logging_mixin.py:190} INFO - [2025-02-14T10:01:55.643+0000] {override.py:1912} INFO - Created Permission View: can read on DAG:elfjane
[2025-02-14T10:01:55.649+0000] {logging_mixin.py:190} INFO - [2025-02-14T10:01:55.649+0000] {override.py:1912} INFO - Created Permission View: can delete on DAG:elfjane
[2025-02-14T10:01:55.685+0000] {logging_mixin.py:190} INFO - [2025-02-14T10:01:55.685+0000] {override.py:1912} INFO - Created Permission View: can read on DAG Run:elfjane
[2025-02-14T10:01:55.692+0000] {logging_mixin.py:190} INFO - [2025-02-14T10:01:55.691+0000] {override.py:1912} INFO - Created Permission View: can delete on DAG Run:elfjane
[2025-02-14T10:01:55.698+0000] {logging_mixin.py:190} INFO - [2025-02-14T10:01:55.697+0000] {override.py:1912} INFO - Created Permission View: menu access on DAG Run:elfjane
[2025-02-14T10:01:55.787+0000] {logging_mixin.py:190} INFO - [2025-02-14T10:01:55.786+0000] {override.py:1912} INFO - Created Permission View: can create on DAG Run:elfjane
[2025-02-14T10:01:55.788+0000] {logging_mixin.py:190} INFO - [2025-02-14T10:01:55.788+0000] {dag.py:3239} INFO - Sync 1 DAGs
[2025-02-14T10:01:55.801+0000] {logging_mixin.py:190} INFO - [2025-02-14T10:01:55.801+0000] {dag.py:3262} INFO - Creating ORM DAG for elfjane
[2025-02-14T10:01:55.813+0000] {logging_mixin.py:190} INFO - [2025-02-14T10:01:55.813+0000] {dag.py:4180} INFO - Setting next_dagrun for elfjane to 2021-01-01 00:00:00+00:00, run_after=2021-01-01 00:00:00+00:00
[2025-02-14T10:01:55.827+0000] {processor.py:208} INFO - Processing /opt/airflow/dags/elfjane.py took 0.342 seconds
[2025-02-14T10:06:55.941+0000] {processor.py:186} INFO - Started process (PID=3381) to work on /opt/airflow/dags/elfjane.py
[2025-02-14T10:06:55.942+0000] {processor.py:914} INFO - Processing file /opt/airflow/dags/elfjane.py for tasks to queue
[2025-02-14T10:06:55.942+0000] {logging_mixin.py:190} INFO - [2025-02-14T10:06:55.942+0000] {dagbag.py:588} INFO - Filling up the DagBag from /opt/airflow/dags/elfjane.py
[2025-02-14T10:06:55.956+0000] {processor.py:925} INFO - DAG(s) 'elfjane' retrieved from /opt/airflow/dags/elfjane.py
[2025-02-14T10:06:55.969+0000] {logging_mixin.py:190} INFO - [2025-02-14T10:06:55.969+0000] {dag.py:3239} INFO - Sync 1 DAGs
[2025-02-14T10:06:55.984+0000] {logging_mixin.py:190} INFO - [2025-02-14T10:06:55.983+0000] {dag.py:4180} INFO - Setting next_dagrun for elfjane to None, run_after=None
[2025-02-14T10:06:56.000+0000] {processor.py:208} INFO - Processing /opt/airflow/dags/elfjane.py took 0.063 seconds
[2025-02-14T10:07:26.367+0000] {processor.py:186} INFO - Started process (PID=3445) to work on /opt/airflow/dags/elfjane.py
[2025-02-14T10:07:26.368+0000] {processor.py:914} INFO - Processing file /opt/airflow/dags/elfjane.py for tasks to queue
[2025-02-14T10:07:26.369+0000] {logging_mixin.py:190} INFO - [2025-02-14T10:07:26.368+0000] {dagbag.py:588} INFO - Filling up the DagBag from /opt/airflow/dags/elfjane.py
[2025-02-14T10:07:26.384+0000] {processor.py:925} INFO - DAG(s) 'elfjane' retrieved from /opt/airflow/dags/elfjane.py
[2025-02-14T10:07:26.400+0000] {logging_mixin.py:190} INFO - [2025-02-14T10:07:26.400+0000] {dag.py:3239} INFO - Sync 1 DAGs
[2025-02-14T10:07:26.415+0000] {logging_mixin.py:190} INFO - [2025-02-14T10:07:26.415+0000] {dag.py:4180} INFO - Setting next_dagrun for elfjane to None, run_after=None
[2025-02-14T10:07:26.428+0000] {processor.py:208} INFO - Processing /opt/airflow/dags/elfjane.py took 0.065 seconds
[2025-02-14T10:07:56.638+0000] {processor.py:186} INFO - Started process (PID=3509) to work on /opt/airflow/dags/elfjane.py
[2025-02-14T10:07:56.639+0000] {processor.py:914} INFO - Processing file /opt/airflow/dags/elfjane.py for tasks to queue
[2025-02-14T10:07:56.640+0000] {logging_mixin.py:190} INFO - [2025-02-14T10:07:56.639+0000] {dagbag.py:588} INFO - Filling up the DagBag from /opt/airflow/dags/elfjane.py
[2025-02-14T10:07:56.681+0000] {processor.py:925} INFO - DAG(s) 'elfjane' retrieved from /opt/airflow/dags/elfjane.py
[2025-02-14T10:07:56.696+0000] {logging_mixin.py:190} INFO - [2025-02-14T10:07:56.695+0000] {dag.py:3239} INFO - Sync 1 DAGs
[2025-02-14T10:07:56.710+0000] {logging_mixin.py:190} INFO - [2025-02-14T10:07:56.710+0000] {dag.py:4180} INFO - Setting next_dagrun for elfjane to None, run_after=None
[2025-02-14T10:07:56.760+0000] {processor.py:208} INFO - Processing /opt/airflow/dags/elfjane.py took 0.127 seconds
[2025-02-14T10:08:27.196+0000] {processor.py:186} INFO - Started process (PID=3594) to work on /opt/airflow/dags/elfjane.py
[2025-02-14T10:08:27.208+0000] {processor.py:914} INFO - Processing file /opt/airflow/dags/elfjane.py for tasks to queue
[2025-02-14T10:08:27.210+0000] {logging_mixin.py:190} INFO - [2025-02-14T10:08:27.210+0000] {dagbag.py:588} INFO - Filling up the DagBag from /opt/airflow/dags/elfjane.py
[2025-02-14T10:08:27.232+0000] {processor.py:925} INFO - DAG(s) 'elfjane' retrieved from /opt/airflow/dags/elfjane.py
[2025-02-14T10:08:27.254+0000] {logging_mixin.py:190} INFO - [2025-02-14T10:08:27.254+0000] {dag.py:3239} INFO - Sync 1 DAGs
[2025-02-14T10:08:27.275+0000] {logging_mixin.py:190} INFO - [2025-02-14T10:08:27.275+0000] {dag.py:4180} INFO - Setting next_dagrun for elfjane to None, run_after=None
[2025-02-14T10:08:27.295+0000] {processor.py:208} INFO - Processing /opt/airflow/dags/elfjane.py took 0.105 seconds
[2025-02-14T10:08:57.624+0000] {processor.py:186} INFO - Started process (PID=3681) to work on /opt/airflow/dags/elfjane.py
[2025-02-14T10:08:57.625+0000] {processor.py:914} INFO - Processing file /opt/airflow/dags/elfjane.py for tasks to queue
[2025-02-14T10:08:57.626+0000] {logging_mixin.py:190} INFO - [2025-02-14T10:08:57.626+0000] {dagbag.py:588} INFO - Filling up the DagBag from /opt/airflow/dags/elfjane.py
[2025-02-14T10:08:57.643+0000] {processor.py:925} INFO - DAG(s) 'elfjane' retrieved from /opt/airflow/dags/elfjane.py
[2025-02-14T10:08:57.657+0000] {logging_mixin.py:190} INFO - [2025-02-14T10:08:57.657+0000] {dag.py:3239} INFO - Sync 1 DAGs
[2025-02-14T10:08:57.671+0000] {logging_mixin.py:190} INFO - [2025-02-14T10:08:57.671+0000] {dag.py:4180} INFO - Setting next_dagrun for elfjane to None, run_after=None
[2025-02-14T10:08:57.689+0000] {processor.py:208} INFO - Processing /opt/airflow/dags/elfjane.py took 0.068 seconds
[2025-02-14T10:09:27.865+0000] {processor.py:186} INFO - Started process (PID=3767) to work on /opt/airflow/dags/elfjane.py
[2025-02-14T10:09:27.866+0000] {processor.py:914} INFO - Processing file /opt/airflow/dags/elfjane.py for tasks to queue
[2025-02-14T10:09:27.868+0000] {logging_mixin.py:190} INFO - [2025-02-14T10:09:27.868+0000] {dagbag.py:588} INFO - Filling up the DagBag from /opt/airflow/dags/elfjane.py
[2025-02-14T10:09:27.901+0000] {processor.py:925} INFO - DAG(s) 'elfjane' retrieved from /opt/airflow/dags/elfjane.py
[2025-02-14T10:09:27.919+0000] {logging_mixin.py:190} INFO - [2025-02-14T10:09:27.919+0000] {dag.py:3239} INFO - Sync 1 DAGs
[2025-02-14T10:09:27.937+0000] {logging_mixin.py:190} INFO - [2025-02-14T10:09:27.937+0000] {dag.py:4180} INFO - Setting next_dagrun for elfjane to None, run_after=None
[2025-02-14T10:09:27.955+0000] {processor.py:208} INFO - Processing /opt/airflow/dags/elfjane.py took 0.094 seconds
[2025-02-14T10:09:58.416+0000] {processor.py:186} INFO - Started process (PID=3831) to work on /opt/airflow/dags/elfjane.py
[2025-02-14T10:09:58.417+0000] {processor.py:914} INFO - Processing file /opt/airflow/dags/elfjane.py for tasks to queue
[2025-02-14T10:09:58.418+0000] {logging_mixin.py:190} INFO - [2025-02-14T10:09:58.418+0000] {dagbag.py:588} INFO - Filling up the DagBag from /opt/airflow/dags/elfjane.py
[2025-02-14T10:09:58.433+0000] {processor.py:925} INFO - DAG(s) 'elfjane' retrieved from /opt/airflow/dags/elfjane.py
[2025-02-14T10:09:58.448+0000] {logging_mixin.py:190} INFO - [2025-02-14T10:09:58.448+0000] {dag.py:3239} INFO - Sync 1 DAGs
[2025-02-14T10:09:58.462+0000] {logging_mixin.py:190} INFO - [2025-02-14T10:09:58.462+0000] {dag.py:4180} INFO - Setting next_dagrun for elfjane to None, run_after=None
[2025-02-14T10:09:58.475+0000] {processor.py:208} INFO - Processing /opt/airflow/dags/elfjane.py took 0.063 seconds
[2025-02-14T10:10:28.992+0000] {processor.py:186} INFO - Started process (PID=3895) to work on /opt/airflow/dags/elfjane.py
[2025-02-14T10:10:28.994+0000] {processor.py:914} INFO - Processing file /opt/airflow/dags/elfjane.py for tasks to queue
[2025-02-14T10:10:28.995+0000] {logging_mixin.py:190} INFO - [2025-02-14T10:10:28.995+0000] {dagbag.py:588} INFO - Filling up the DagBag from /opt/airflow/dags/elfjane.py
[2025-02-14T10:10:29.017+0000] {processor.py:925} INFO - DAG(s) 'elfjane' retrieved from /opt/airflow/dags/elfjane.py
[2025-02-14T10:10:29.032+0000] {logging_mixin.py:190} INFO - [2025-02-14T10:10:29.032+0000] {dag.py:3239} INFO - Sync 1 DAGs
[2025-02-14T10:10:29.051+0000] {logging_mixin.py:190} INFO - [2025-02-14T10:10:29.050+0000] {dag.py:4180} INFO - Setting next_dagrun for elfjane to None, run_after=None
[2025-02-14T10:10:29.072+0000] {processor.py:208} INFO - Processing /opt/airflow/dags/elfjane.py took 0.085 seconds
[2025-02-14T10:10:59.680+0000] {processor.py:186} INFO - Started process (PID=3959) to work on /opt/airflow/dags/elfjane.py
[2025-02-14T10:10:59.681+0000] {processor.py:914} INFO - Processing file /opt/airflow/dags/elfjane.py for tasks to queue
[2025-02-14T10:10:59.682+0000] {logging_mixin.py:190} INFO - [2025-02-14T10:10:59.682+0000] {dagbag.py:588} INFO - Filling up the DagBag from /opt/airflow/dags/elfjane.py
[2025-02-14T10:10:59.696+0000] {processor.py:925} INFO - DAG(s) 'elfjane' retrieved from /opt/airflow/dags/elfjane.py
[2025-02-14T10:10:59.709+0000] {logging_mixin.py:190} INFO - [2025-02-14T10:10:59.709+0000] {dag.py:3239} INFO - Sync 1 DAGs
[2025-02-14T10:10:59.723+0000] {logging_mixin.py:190} INFO - [2025-02-14T10:10:59.723+0000] {dag.py:4180} INFO - Setting next_dagrun for elfjane to None, run_after=None
[2025-02-14T10:10:59.742+0000] {processor.py:208} INFO - Processing /opt/airflow/dags/elfjane.py took 0.066 seconds
[2025-02-14T10:11:29.991+0000] {processor.py:186} INFO - Started process (PID=4023) to work on /opt/airflow/dags/elfjane.py
[2025-02-14T10:11:29.992+0000] {processor.py:914} INFO - Processing file /opt/airflow/dags/elfjane.py for tasks to queue
[2025-02-14T10:11:29.993+0000] {logging_mixin.py:190} INFO - [2025-02-14T10:11:29.993+0000] {dagbag.py:588} INFO - Filling up the DagBag from /opt/airflow/dags/elfjane.py
[2025-02-14T10:11:30.013+0000] {processor.py:925} INFO - DAG(s) 'elfjane' retrieved from /opt/airflow/dags/elfjane.py
[2025-02-14T10:11:30.033+0000] {logging_mixin.py:190} INFO - [2025-02-14T10:11:30.033+0000] {dag.py:3239} INFO - Sync 1 DAGs
[2025-02-14T10:11:30.052+0000] {logging_mixin.py:190} INFO - [2025-02-14T10:11:30.052+0000] {dag.py:4180} INFO - Setting next_dagrun for elfjane to None, run_after=None
[2025-02-14T10:11:30.074+0000] {processor.py:208} INFO - Processing /opt/airflow/dags/elfjane.py took 0.088 seconds
[2025-02-14T10:12:00.429+0000] {processor.py:186} INFO - Started process (PID=4109) to work on /opt/airflow/dags/elfjane.py
[2025-02-14T10:12:00.430+0000] {processor.py:914} INFO - Processing file /opt/airflow/dags/elfjane.py for tasks to queue
[2025-02-14T10:12:00.431+0000] {logging_mixin.py:190} INFO - [2025-02-14T10:12:00.431+0000] {dagbag.py:588} INFO - Filling up the DagBag from /opt/airflow/dags/elfjane.py
[2025-02-14T10:12:00.461+0000] {processor.py:925} INFO - DAG(s) 'elfjane' retrieved from /opt/airflow/dags/elfjane.py
[2025-02-14T10:12:00.482+0000] {logging_mixin.py:190} INFO - [2025-02-14T10:12:00.481+0000] {dag.py:3239} INFO - Sync 1 DAGs
[2025-02-14T10:12:00.513+0000] {logging_mixin.py:190} INFO - [2025-02-14T10:12:00.513+0000] {dag.py:4180} INFO - Setting next_dagrun for elfjane to None, run_after=None
[2025-02-14T10:12:00.545+0000] {processor.py:208} INFO - Processing /opt/airflow/dags/elfjane.py took 0.121 seconds
[2025-02-14T10:12:30.692+0000] {processor.py:186} INFO - Started process (PID=4215) to work on /opt/airflow/dags/elfjane.py
[2025-02-14T10:12:30.693+0000] {processor.py:914} INFO - Processing file /opt/airflow/dags/elfjane.py for tasks to queue
[2025-02-14T10:12:30.694+0000] {logging_mixin.py:190} INFO - [2025-02-14T10:12:30.694+0000] {dagbag.py:588} INFO - Filling up the DagBag from /opt/airflow/dags/elfjane.py
[2025-02-14T10:12:30.716+0000] {processor.py:925} INFO - DAG(s) 'elfjane' retrieved from /opt/airflow/dags/elfjane.py
[2025-02-14T10:12:30.737+0000] {logging_mixin.py:190} INFO - [2025-02-14T10:12:30.737+0000] {dag.py:3239} INFO - Sync 1 DAGs
[2025-02-14T10:12:30.759+0000] {logging_mixin.py:190} INFO - [2025-02-14T10:12:30.759+0000] {dag.py:4180} INFO - Setting next_dagrun for elfjane to None, run_after=None
[2025-02-14T10:12:30.781+0000] {processor.py:208} INFO - Processing /opt/airflow/dags/elfjane.py took 0.095 seconds
[2025-02-14T10:13:01.152+0000] {processor.py:186} INFO - Started process (PID=4280) to work on /opt/airflow/dags/elfjane.py
[2025-02-14T10:13:01.153+0000] {processor.py:914} INFO - Processing file /opt/airflow/dags/elfjane.py for tasks to queue
[2025-02-14T10:13:01.154+0000] {logging_mixin.py:190} INFO - [2025-02-14T10:13:01.153+0000] {dagbag.py:588} INFO - Filling up the DagBag from /opt/airflow/dags/elfjane.py
[2025-02-14T10:13:01.173+0000] {processor.py:925} INFO - DAG(s) 'elfjane' retrieved from /opt/airflow/dags/elfjane.py
[2025-02-14T10:13:01.187+0000] {logging_mixin.py:190} INFO - [2025-02-14T10:13:01.187+0000] {dag.py:3239} INFO - Sync 1 DAGs
[2025-02-14T10:13:01.211+0000] {logging_mixin.py:190} INFO - [2025-02-14T10:13:01.211+0000] {dag.py:4180} INFO - Setting next_dagrun for elfjane to None, run_after=None
[2025-02-14T10:13:01.226+0000] {processor.py:208} INFO - Processing /opt/airflow/dags/elfjane.py took 0.078 seconds
[2025-02-14T10:13:31.442+0000] {processor.py:186} INFO - Started process (PID=4345) to work on /opt/airflow/dags/elfjane.py
[2025-02-14T10:13:31.442+0000] {processor.py:914} INFO - Processing file /opt/airflow/dags/elfjane.py for tasks to queue
[2025-02-14T10:13:31.443+0000] {logging_mixin.py:190} INFO - [2025-02-14T10:13:31.443+0000] {dagbag.py:588} INFO - Filling up the DagBag from /opt/airflow/dags/elfjane.py
[2025-02-14T10:13:31.463+0000] {processor.py:925} INFO - DAG(s) 'elfjane' retrieved from /opt/airflow/dags/elfjane.py
[2025-02-14T10:13:31.478+0000] {logging_mixin.py:190} INFO - [2025-02-14T10:13:31.478+0000] {dag.py:3239} INFO - Sync 1 DAGs
[2025-02-14T10:13:31.650+0000] {logging_mixin.py:190} INFO - [2025-02-14T10:13:31.650+0000] {dag.py:4180} INFO - Setting next_dagrun for elfjane to None, run_after=None
[2025-02-14T10:13:31.672+0000] {processor.py:208} INFO - Processing /opt/airflow/dags/elfjane.py took 0.234 seconds
[2025-02-14T10:14:01.787+0000] {processor.py:186} INFO - Started process (PID=4414) to work on /opt/airflow/dags/elfjane.py
[2025-02-14T10:14:01.788+0000] {processor.py:914} INFO - Processing file /opt/airflow/dags/elfjane.py for tasks to queue
[2025-02-14T10:14:01.789+0000] {logging_mixin.py:190} INFO - [2025-02-14T10:14:01.789+0000] {dagbag.py:588} INFO - Filling up the DagBag from /opt/airflow/dags/elfjane.py
[2025-02-14T10:14:01.804+0000] {processor.py:925} INFO - DAG(s) 'elfjane' retrieved from /opt/airflow/dags/elfjane.py
[2025-02-14T10:14:01.817+0000] {logging_mixin.py:190} INFO - [2025-02-14T10:14:01.817+0000] {dag.py:3239} INFO - Sync 1 DAGs
[2025-02-14T10:14:01.831+0000] {logging_mixin.py:190} INFO - [2025-02-14T10:14:01.831+0000] {dag.py:4180} INFO - Setting next_dagrun for elfjane to None, run_after=None
[2025-02-14T10:14:02.043+0000] {processor.py:208} INFO - Processing /opt/airflow/dags/elfjane.py took 0.260 seconds
[2025-02-14T10:14:32.473+0000] {processor.py:186} INFO - Started process (PID=4477) to work on /opt/airflow/dags/elfjane.py
[2025-02-14T10:14:32.474+0000] {processor.py:914} INFO - Processing file /opt/airflow/dags/elfjane.py for tasks to queue
[2025-02-14T10:14:32.476+0000] {logging_mixin.py:190} INFO - [2025-02-14T10:14:32.475+0000] {dagbag.py:588} INFO - Filling up the DagBag from /opt/airflow/dags/elfjane.py
[2025-02-14T10:14:32.501+0000] {processor.py:925} INFO - DAG(s) 'elfjane' retrieved from /opt/airflow/dags/elfjane.py
[2025-02-14T10:14:32.519+0000] {logging_mixin.py:190} INFO - [2025-02-14T10:14:32.519+0000] {dag.py:3239} INFO - Sync 1 DAGs
[2025-02-14T10:14:32.539+0000] {logging_mixin.py:190} INFO - [2025-02-14T10:14:32.538+0000] {dag.py:4180} INFO - Setting next_dagrun for elfjane to None, run_after=None
[2025-02-14T10:14:32.623+0000] {processor.py:208} INFO - Processing /opt/airflow/dags/elfjane.py took 0.157 seconds
[2025-02-14T10:15:02.753+0000] {processor.py:186} INFO - Started process (PID=4542) to work on /opt/airflow/dags/elfjane.py
[2025-02-14T10:15:02.754+0000] {processor.py:914} INFO - Processing file /opt/airflow/dags/elfjane.py for tasks to queue
[2025-02-14T10:15:02.755+0000] {logging_mixin.py:190} INFO - [2025-02-14T10:15:02.755+0000] {dagbag.py:588} INFO - Filling up the DagBag from /opt/airflow/dags/elfjane.py
[2025-02-14T10:15:02.772+0000] {processor.py:925} INFO - DAG(s) 'elfjane' retrieved from /opt/airflow/dags/elfjane.py
[2025-02-14T10:15:02.910+0000] {logging_mixin.py:190} INFO - [2025-02-14T10:15:02.909+0000] {dag.py:3239} INFO - Sync 1 DAGs
[2025-02-14T10:15:02.923+0000] {logging_mixin.py:190} INFO - [2025-02-14T10:15:02.923+0000] {dag.py:4180} INFO - Setting next_dagrun for elfjane to None, run_after=None
[2025-02-14T10:15:02.939+0000] {processor.py:208} INFO - Processing /opt/airflow/dags/elfjane.py took 0.192 seconds
[2025-02-14T10:15:33.446+0000] {processor.py:186} INFO - Started process (PID=4603) to work on /opt/airflow/dags/elfjane.py
[2025-02-14T10:15:33.447+0000] {processor.py:914} INFO - Processing file /opt/airflow/dags/elfjane.py for tasks to queue
[2025-02-14T10:15:33.448+0000] {logging_mixin.py:190} INFO - [2025-02-14T10:15:33.447+0000] {dagbag.py:588} INFO - Filling up the DagBag from /opt/airflow/dags/elfjane.py
[2025-02-14T10:15:33.493+0000] {processor.py:925} INFO - DAG(s) 'elfjane' retrieved from /opt/airflow/dags/elfjane.py
[2025-02-14T10:15:33.508+0000] {logging_mixin.py:190} INFO - [2025-02-14T10:15:33.508+0000] {dag.py:3239} INFO - Sync 1 DAGs
[2025-02-14T10:15:33.526+0000] {logging_mixin.py:190} INFO - [2025-02-14T10:15:33.526+0000] {dag.py:4180} INFO - Setting next_dagrun for elfjane to None, run_after=None
[2025-02-14T10:15:33.609+0000] {processor.py:208} INFO - Processing /opt/airflow/dags/elfjane.py took 0.170 seconds
[2025-02-14T10:16:03.736+0000] {processor.py:186} INFO - Started process (PID=4669) to work on /opt/airflow/dags/elfjane.py
[2025-02-14T10:16:03.737+0000] {processor.py:914} INFO - Processing file /opt/airflow/dags/elfjane.py for tasks to queue
[2025-02-14T10:16:03.738+0000] {logging_mixin.py:190} INFO - [2025-02-14T10:16:03.738+0000] {dagbag.py:588} INFO - Filling up the DagBag from /opt/airflow/dags/elfjane.py
[2025-02-14T10:16:03.758+0000] {processor.py:925} INFO - DAG(s) 'elfjane' retrieved from /opt/airflow/dags/elfjane.py
[2025-02-14T10:16:03.836+0000] {logging_mixin.py:190} INFO - [2025-02-14T10:16:03.835+0000] {dag.py:3239} INFO - Sync 1 DAGs
[2025-02-14T10:16:03.859+0000] {logging_mixin.py:190} INFO - [2025-02-14T10:16:03.858+0000] {dag.py:4180} INFO - Setting next_dagrun for elfjane to None, run_after=None
[2025-02-14T10:16:03.877+0000] {processor.py:208} INFO - Processing /opt/airflow/dags/elfjane.py took 0.146 seconds
[2025-02-14T10:16:34.081+0000] {processor.py:186} INFO - Started process (PID=4734) to work on /opt/airflow/dags/elfjane.py
[2025-02-14T10:16:34.082+0000] {processor.py:914} INFO - Processing file /opt/airflow/dags/elfjane.py for tasks to queue
[2025-02-14T10:16:34.083+0000] {logging_mixin.py:190} INFO - [2025-02-14T10:16:34.083+0000] {dagbag.py:588} INFO - Filling up the DagBag from /opt/airflow/dags/elfjane.py
[2025-02-14T10:16:34.098+0000] {processor.py:925} INFO - DAG(s) 'elfjane' retrieved from /opt/airflow/dags/elfjane.py
[2025-02-14T10:16:34.149+0000] {logging_mixin.py:190} INFO - [2025-02-14T10:16:34.149+0000] {dag.py:3239} INFO - Sync 1 DAGs
[2025-02-14T10:16:34.164+0000] {logging_mixin.py:190} INFO - [2025-02-14T10:16:34.164+0000] {dag.py:4180} INFO - Setting next_dagrun for elfjane to None, run_after=None
[2025-02-14T10:16:34.211+0000] {processor.py:208} INFO - Processing /opt/airflow/dags/elfjane.py took 0.136 seconds
[2025-02-14T10:17:04.332+0000] {processor.py:186} INFO - Started process (PID=4799) to work on /opt/airflow/dags/elfjane.py
[2025-02-14T10:17:04.333+0000] {processor.py:914} INFO - Processing file /opt/airflow/dags/elfjane.py for tasks to queue
[2025-02-14T10:17:04.334+0000] {logging_mixin.py:190} INFO - [2025-02-14T10:17:04.334+0000] {dagbag.py:588} INFO - Filling up the DagBag from /opt/airflow/dags/elfjane.py
[2025-02-14T10:17:04.369+0000] {processor.py:925} INFO - DAG(s) 'elfjane' retrieved from /opt/airflow/dags/elfjane.py
[2025-02-14T10:17:04.409+0000] {logging_mixin.py:190} INFO - [2025-02-14T10:17:04.409+0000] {dag.py:3239} INFO - Sync 1 DAGs
[2025-02-14T10:17:04.424+0000] {logging_mixin.py:190} INFO - [2025-02-14T10:17:04.424+0000] {dag.py:4180} INFO - Setting next_dagrun for elfjane to None, run_after=None
[2025-02-14T10:17:04.474+0000] {processor.py:208} INFO - Processing /opt/airflow/dags/elfjane.py took 0.146 seconds
[2025-02-14T10:17:34.626+0000] {processor.py:186} INFO - Started process (PID=4863) to work on /opt/airflow/dags/elfjane.py
[2025-02-14T10:17:34.627+0000] {processor.py:914} INFO - Processing file /opt/airflow/dags/elfjane.py for tasks to queue
[2025-02-14T10:17:34.628+0000] {logging_mixin.py:190} INFO - [2025-02-14T10:17:34.628+0000] {dagbag.py:588} INFO - Filling up the DagBag from /opt/airflow/dags/elfjane.py
[2025-02-14T10:17:34.651+0000] {processor.py:925} INFO - DAG(s) 'elfjane' retrieved from /opt/airflow/dags/elfjane.py
[2025-02-14T10:17:34.665+0000] {logging_mixin.py:190} INFO - [2025-02-14T10:17:34.665+0000] {dag.py:3239} INFO - Sync 1 DAGs
[2025-02-14T10:17:34.680+0000] {logging_mixin.py:190} INFO - [2025-02-14T10:17:34.680+0000] {dag.py:4180} INFO - Setting next_dagrun for elfjane to None, run_after=None
[2025-02-14T10:17:34.782+0000] {processor.py:208} INFO - Processing /opt/airflow/dags/elfjane.py took 0.160 seconds
[2025-02-14T10:18:04.863+0000] {processor.py:186} INFO - Started process (PID=4928) to work on /opt/airflow/dags/elfjane.py
[2025-02-14T10:18:04.864+0000] {processor.py:914} INFO - Processing file /opt/airflow/dags/elfjane.py for tasks to queue
[2025-02-14T10:18:04.865+0000] {logging_mixin.py:190} INFO - [2025-02-14T10:18:04.865+0000] {dagbag.py:588} INFO - Filling up the DagBag from /opt/airflow/dags/elfjane.py
[2025-02-14T10:18:04.882+0000] {processor.py:925} INFO - DAG(s) 'elfjane' retrieved from /opt/airflow/dags/elfjane.py
[2025-02-14T10:18:04.898+0000] {logging_mixin.py:190} INFO - [2025-02-14T10:18:04.897+0000] {dag.py:3239} INFO - Sync 1 DAGs
[2025-02-14T10:18:04.915+0000] {logging_mixin.py:190} INFO - [2025-02-14T10:18:04.915+0000] {dag.py:4180} INFO - Setting next_dagrun for elfjane to None, run_after=None
[2025-02-14T10:18:04.929+0000] {processor.py:208} INFO - Processing /opt/airflow/dags/elfjane.py took 0.071 seconds
[2025-02-14T10:18:35.401+0000] {processor.py:186} INFO - Started process (PID=5017) to work on /opt/airflow/dags/elfjane.py
[2025-02-14T10:18:35.402+0000] {processor.py:914} INFO - Processing file /opt/airflow/dags/elfjane.py for tasks to queue
[2025-02-14T10:18:35.403+0000] {logging_mixin.py:190} INFO - [2025-02-14T10:18:35.403+0000] {dagbag.py:588} INFO - Filling up the DagBag from /opt/airflow/dags/elfjane.py
[2025-02-14T10:18:35.433+0000] {processor.py:925} INFO - DAG(s) 'elfjane' retrieved from /opt/airflow/dags/elfjane.py
[2025-02-14T10:18:35.450+0000] {logging_mixin.py:190} INFO - [2025-02-14T10:18:35.450+0000] {dag.py:3239} INFO - Sync 1 DAGs
[2025-02-14T10:18:35.466+0000] {logging_mixin.py:190} INFO - [2025-02-14T10:18:35.466+0000] {dag.py:4180} INFO - Setting next_dagrun for elfjane to None, run_after=None
[2025-02-14T10:18:35.485+0000] {processor.py:208} INFO - Processing /opt/airflow/dags/elfjane.py took 0.091 seconds
[2025-02-14T10:19:05.691+0000] {processor.py:186} INFO - Started process (PID=5105) to work on /opt/airflow/dags/elfjane.py
[2025-02-14T10:19:05.692+0000] {processor.py:914} INFO - Processing file /opt/airflow/dags/elfjane.py for tasks to queue
[2025-02-14T10:19:05.693+0000] {logging_mixin.py:190} INFO - [2025-02-14T10:19:05.693+0000] {dagbag.py:588} INFO - Filling up the DagBag from /opt/airflow/dags/elfjane.py
[2025-02-14T10:19:05.727+0000] {processor.py:925} INFO - DAG(s) 'elfjane' retrieved from /opt/airflow/dags/elfjane.py
[2025-02-14T10:19:05.748+0000] {logging_mixin.py:190} INFO - [2025-02-14T10:19:05.748+0000] {dag.py:3239} INFO - Sync 1 DAGs
[2025-02-14T10:19:05.767+0000] {logging_mixin.py:190} INFO - [2025-02-14T10:19:05.767+0000] {dag.py:4180} INFO - Setting next_dagrun for elfjane to None, run_after=None
[2025-02-14T10:19:05.781+0000] {processor.py:208} INFO - Processing /opt/airflow/dags/elfjane.py took 0.095 seconds
[2025-02-14T10:19:35.896+0000] {processor.py:186} INFO - Started process (PID=5169) to work on /opt/airflow/dags/elfjane.py
[2025-02-14T10:19:35.898+0000] {processor.py:914} INFO - Processing file /opt/airflow/dags/elfjane.py for tasks to queue
[2025-02-14T10:19:35.900+0000] {logging_mixin.py:190} INFO - [2025-02-14T10:19:35.899+0000] {dagbag.py:588} INFO - Filling up the DagBag from /opt/airflow/dags/elfjane.py
[2025-02-14T10:19:35.951+0000] {processor.py:925} INFO - DAG(s) 'elfjane' retrieved from /opt/airflow/dags/elfjane.py
[2025-02-14T10:19:35.966+0000] {logging_mixin.py:190} INFO - [2025-02-14T10:19:35.966+0000] {dag.py:3239} INFO - Sync 1 DAGs
[2025-02-14T10:19:35.986+0000] {logging_mixin.py:190} INFO - [2025-02-14T10:19:35.985+0000] {dag.py:4180} INFO - Setting next_dagrun for elfjane to None, run_after=None
[2025-02-14T10:19:36.021+0000] {processor.py:208} INFO - Processing /opt/airflow/dags/elfjane.py took 0.130 seconds
[2025-02-14T10:20:06.636+0000] {processor.py:186} INFO - Started process (PID=5233) to work on /opt/airflow/dags/elfjane.py
[2025-02-14T10:20:06.637+0000] {processor.py:914} INFO - Processing file /opt/airflow/dags/elfjane.py for tasks to queue
[2025-02-14T10:20:06.638+0000] {logging_mixin.py:190} INFO - [2025-02-14T10:20:06.638+0000] {dagbag.py:588} INFO - Filling up the DagBag from /opt/airflow/dags/elfjane.py
[2025-02-14T10:20:06.689+0000] {processor.py:925} INFO - DAG(s) 'elfjane' retrieved from /opt/airflow/dags/elfjane.py
[2025-02-14T10:20:06.705+0000] {logging_mixin.py:190} INFO - [2025-02-14T10:20:06.705+0000] {dag.py:3239} INFO - Sync 1 DAGs
[2025-02-14T10:20:06.722+0000] {logging_mixin.py:190} INFO - [2025-02-14T10:20:06.722+0000] {dag.py:4180} INFO - Setting next_dagrun for elfjane to None, run_after=None
[2025-02-14T10:20:06.740+0000] {processor.py:208} INFO - Processing /opt/airflow/dags/elfjane.py took 0.109 seconds
[2025-02-14T10:20:37.335+0000] {processor.py:186} INFO - Started process (PID=5342) to work on /opt/airflow/dags/elfjane.py
[2025-02-14T10:20:37.337+0000] {processor.py:914} INFO - Processing file /opt/airflow/dags/elfjane.py for tasks to queue
[2025-02-14T10:20:37.339+0000] {logging_mixin.py:190} INFO - [2025-02-14T10:20:37.339+0000] {dagbag.py:588} INFO - Filling up the DagBag from /opt/airflow/dags/elfjane.py
[2025-02-14T10:20:37.373+0000] {processor.py:925} INFO - DAG(s) 'elfjane' retrieved from /opt/airflow/dags/elfjane.py
[2025-02-14T10:20:37.387+0000] {logging_mixin.py:190} INFO - [2025-02-14T10:20:37.387+0000] {dag.py:3239} INFO - Sync 1 DAGs
[2025-02-14T10:20:37.403+0000] {logging_mixin.py:190} INFO - [2025-02-14T10:20:37.403+0000] {dag.py:4180} INFO - Setting next_dagrun for elfjane to None, run_after=None
[2025-02-14T10:20:37.459+0000] {processor.py:208} INFO - Processing /opt/airflow/dags/elfjane.py took 0.128 seconds
[2025-02-14T10:21:07.601+0000] {processor.py:186} INFO - Started process (PID=5408) to work on /opt/airflow/dags/elfjane.py
[2025-02-14T10:21:07.601+0000] {processor.py:914} INFO - Processing file /opt/airflow/dags/elfjane.py for tasks to queue
[2025-02-14T10:21:07.602+0000] {logging_mixin.py:190} INFO - [2025-02-14T10:21:07.602+0000] {dagbag.py:588} INFO - Filling up the DagBag from /opt/airflow/dags/elfjane.py
[2025-02-14T10:21:07.630+0000] {processor.py:925} INFO - DAG(s) 'elfjane' retrieved from /opt/airflow/dags/elfjane.py
[2025-02-14T10:21:07.644+0000] {logging_mixin.py:190} INFO - [2025-02-14T10:21:07.644+0000] {dag.py:3239} INFO - Sync 1 DAGs
[2025-02-14T10:21:07.660+0000] {logging_mixin.py:190} INFO - [2025-02-14T10:21:07.660+0000] {dag.py:4180} INFO - Setting next_dagrun for elfjane to None, run_after=None
[2025-02-14T10:21:07.676+0000] {processor.py:208} INFO - Processing /opt/airflow/dags/elfjane.py took 0.080 seconds
[2025-02-14T10:21:37.922+0000] {processor.py:186} INFO - Started process (PID=5473) to work on /opt/airflow/dags/elfjane.py
[2025-02-14T10:21:37.923+0000] {processor.py:914} INFO - Processing file /opt/airflow/dags/elfjane.py for tasks to queue
[2025-02-14T10:21:37.924+0000] {logging_mixin.py:190} INFO - [2025-02-14T10:21:37.924+0000] {dagbag.py:588} INFO - Filling up the DagBag from /opt/airflow/dags/elfjane.py
[2025-02-14T10:21:37.948+0000] {processor.py:925} INFO - DAG(s) 'elfjane' retrieved from /opt/airflow/dags/elfjane.py
[2025-02-14T10:21:37.967+0000] {logging_mixin.py:190} INFO - [2025-02-14T10:21:37.967+0000] {dag.py:3239} INFO - Sync 1 DAGs
[2025-02-14T10:21:37.990+0000] {logging_mixin.py:190} INFO - [2025-02-14T10:21:37.990+0000] {dag.py:4180} INFO - Setting next_dagrun for elfjane to None, run_after=None
[2025-02-14T10:21:38.043+0000] {processor.py:208} INFO - Processing /opt/airflow/dags/elfjane.py took 0.128 seconds
[2025-02-14T10:22:08.290+0000] {processor.py:186} INFO - Started process (PID=5536) to work on /opt/airflow/dags/elfjane.py
[2025-02-14T10:22:08.291+0000] {processor.py:914} INFO - Processing file /opt/airflow/dags/elfjane.py for tasks to queue
[2025-02-14T10:22:08.292+0000] {logging_mixin.py:190} INFO - [2025-02-14T10:22:08.292+0000] {dagbag.py:588} INFO - Filling up the DagBag from /opt/airflow/dags/elfjane.py
[2025-02-14T10:22:08.311+0000] {processor.py:925} INFO - DAG(s) 'elfjane' retrieved from /opt/airflow/dags/elfjane.py
[2025-02-14T10:22:08.326+0000] {logging_mixin.py:190} INFO - [2025-02-14T10:22:08.326+0000] {dag.py:3239} INFO - Sync 1 DAGs
[2025-02-14T10:22:08.342+0000] {logging_mixin.py:190} INFO - [2025-02-14T10:22:08.341+0000] {dag.py:4180} INFO - Setting next_dagrun for elfjane to None, run_after=None
[2025-02-14T10:22:08.361+0000] {processor.py:208} INFO - Processing /opt/airflow/dags/elfjane.py took 0.075 seconds
[2025-02-14T10:22:38.590+0000] {processor.py:186} INFO - Started process (PID=5601) to work on /opt/airflow/dags/elfjane.py
[2025-02-14T10:22:38.591+0000] {processor.py:914} INFO - Processing file /opt/airflow/dags/elfjane.py for tasks to queue
[2025-02-14T10:22:38.593+0000] {logging_mixin.py:190} INFO - [2025-02-14T10:22:38.593+0000] {dagbag.py:588} INFO - Filling up the DagBag from /opt/airflow/dags/elfjane.py
[2025-02-14T10:22:38.615+0000] {processor.py:925} INFO - DAG(s) 'elfjane' retrieved from /opt/airflow/dags/elfjane.py
[2025-02-14T10:22:38.630+0000] {logging_mixin.py:190} INFO - [2025-02-14T10:22:38.629+0000] {dag.py:3239} INFO - Sync 1 DAGs
[2025-02-14T10:22:38.648+0000] {logging_mixin.py:190} INFO - [2025-02-14T10:22:38.648+0000] {dag.py:4180} INFO - Setting next_dagrun for elfjane to None, run_after=None
[2025-02-14T10:22:38.663+0000] {processor.py:208} INFO - Processing /opt/airflow/dags/elfjane.py took 0.078 seconds
[2025-02-14T10:23:09.369+0000] {processor.py:186} INFO - Started process (PID=5666) to work on /opt/airflow/dags/elfjane.py
[2025-02-14T10:23:09.370+0000] {processor.py:914} INFO - Processing file /opt/airflow/dags/elfjane.py for tasks to queue
[2025-02-14T10:23:09.371+0000] {logging_mixin.py:190} INFO - [2025-02-14T10:23:09.371+0000] {dagbag.py:588} INFO - Filling up the DagBag from /opt/airflow/dags/elfjane.py
[2025-02-14T10:23:09.409+0000] {processor.py:925} INFO - DAG(s) 'elfjane' retrieved from /opt/airflow/dags/elfjane.py
[2025-02-14T10:23:09.439+0000] {logging_mixin.py:190} INFO - [2025-02-14T10:23:09.438+0000] {dag.py:3239} INFO - Sync 1 DAGs
[2025-02-14T10:23:09.465+0000] {logging_mixin.py:190} INFO - [2025-02-14T10:23:09.465+0000] {dag.py:4180} INFO - Setting next_dagrun for elfjane to None, run_after=None
[2025-02-14T10:23:09.492+0000] {processor.py:208} INFO - Processing /opt/airflow/dags/elfjane.py took 0.127 seconds
[2025-02-14T10:23:40.116+0000] {processor.py:186} INFO - Started process (PID=5738) to work on /opt/airflow/dags/elfjane.py
[2025-02-14T10:23:40.122+0000] {processor.py:914} INFO - Processing file /opt/airflow/dags/elfjane.py for tasks to queue
[2025-02-14T10:23:40.123+0000] {logging_mixin.py:190} INFO - [2025-02-14T10:23:40.123+0000] {dagbag.py:588} INFO - Filling up the DagBag from /opt/airflow/dags/elfjane.py
[2025-02-14T10:23:40.179+0000] {processor.py:925} INFO - DAG(s) 'elfjane' retrieved from /opt/airflow/dags/elfjane.py
[2025-02-14T10:23:40.195+0000] {logging_mixin.py:190} INFO - [2025-02-14T10:23:40.195+0000] {dag.py:3239} INFO - Sync 1 DAGs
[2025-02-14T10:23:40.219+0000] {logging_mixin.py:190} INFO - [2025-02-14T10:23:40.219+0000] {dag.py:4180} INFO - Setting next_dagrun for elfjane to None, run_after=None
[2025-02-14T10:23:40.235+0000] {processor.py:208} INFO - Processing /opt/airflow/dags/elfjane.py took 0.123 seconds
[2025-02-14T10:24:10.500+0000] {processor.py:186} INFO - Started process (PID=5803) to work on /opt/airflow/dags/elfjane.py
[2025-02-14T10:24:10.501+0000] {processor.py:914} INFO - Processing file /opt/airflow/dags/elfjane.py for tasks to queue
[2025-02-14T10:24:10.503+0000] {logging_mixin.py:190} INFO - [2025-02-14T10:24:10.503+0000] {dagbag.py:588} INFO - Filling up the DagBag from /opt/airflow/dags/elfjane.py
[2025-02-14T10:24:10.528+0000] {processor.py:925} INFO - DAG(s) 'elfjane' retrieved from /opt/airflow/dags/elfjane.py
[2025-02-14T10:24:10.541+0000] {logging_mixin.py:190} INFO - [2025-02-14T10:24:10.541+0000] {dag.py:3239} INFO - Sync 1 DAGs
[2025-02-14T10:24:10.556+0000] {logging_mixin.py:190} INFO - [2025-02-14T10:24:10.556+0000] {dag.py:4180} INFO - Setting next_dagrun for elfjane to None, run_after=None
[2025-02-14T10:24:10.570+0000] {processor.py:208} INFO - Processing /opt/airflow/dags/elfjane.py took 0.074 seconds
[2025-02-14T10:24:41.037+0000] {processor.py:186} INFO - Started process (PID=5868) to work on /opt/airflow/dags/elfjane.py
[2025-02-14T10:24:41.039+0000] {processor.py:914} INFO - Processing file /opt/airflow/dags/elfjane.py for tasks to queue
[2025-02-14T10:24:41.040+0000] {logging_mixin.py:190} INFO - [2025-02-14T10:24:41.039+0000] {dagbag.py:588} INFO - Filling up the DagBag from /opt/airflow/dags/elfjane.py
[2025-02-14T10:24:41.066+0000] {processor.py:925} INFO - DAG(s) 'elfjane' retrieved from /opt/airflow/dags/elfjane.py
[2025-02-14T10:24:41.087+0000] {logging_mixin.py:190} INFO - [2025-02-14T10:24:41.086+0000] {dag.py:3239} INFO - Sync 1 DAGs
[2025-02-14T10:24:41.105+0000] {logging_mixin.py:190} INFO - [2025-02-14T10:24:41.105+0000] {dag.py:4180} INFO - Setting next_dagrun for elfjane to None, run_after=None
[2025-02-14T10:24:41.129+0000] {processor.py:208} INFO - Processing /opt/airflow/dags/elfjane.py took 0.098 seconds
[2025-02-14T10:25:12.037+0000] {processor.py:186} INFO - Started process (PID=5933) to work on /opt/airflow/dags/elfjane.py
[2025-02-14T10:25:12.037+0000] {processor.py:914} INFO - Processing file /opt/airflow/dags/elfjane.py for tasks to queue
[2025-02-14T10:25:12.039+0000] {logging_mixin.py:190} INFO - [2025-02-14T10:25:12.038+0000] {dagbag.py:588} INFO - Filling up the DagBag from /opt/airflow/dags/elfjane.py
[2025-02-14T10:25:12.052+0000] {processor.py:925} INFO - DAG(s) 'elfjane' retrieved from /opt/airflow/dags/elfjane.py
[2025-02-14T10:25:12.065+0000] {logging_mixin.py:190} INFO - [2025-02-14T10:25:12.065+0000] {dag.py:3239} INFO - Sync 1 DAGs
[2025-02-14T10:25:12.080+0000] {logging_mixin.py:190} INFO - [2025-02-14T10:25:12.080+0000] {dag.py:4180} INFO - Setting next_dagrun for elfjane to None, run_after=None
[2025-02-14T10:25:12.103+0000] {processor.py:208} INFO - Processing /opt/airflow/dags/elfjane.py took 0.070 seconds
[2025-02-14T10:25:42.804+0000] {processor.py:186} INFO - Started process (PID=5998) to work on /opt/airflow/dags/elfjane.py
[2025-02-14T10:25:42.805+0000] {processor.py:914} INFO - Processing file /opt/airflow/dags/elfjane.py for tasks to queue
[2025-02-14T10:25:42.807+0000] {logging_mixin.py:190} INFO - [2025-02-14T10:25:42.806+0000] {dagbag.py:588} INFO - Filling up the DagBag from /opt/airflow/dags/elfjane.py
[2025-02-14T10:25:42.830+0000] {processor.py:925} INFO - DAG(s) 'elfjane' retrieved from /opt/airflow/dags/elfjane.py
[2025-02-14T10:25:42.846+0000] {logging_mixin.py:190} INFO - [2025-02-14T10:25:42.846+0000] {dag.py:3239} INFO - Sync 1 DAGs
[2025-02-14T10:25:42.864+0000] {logging_mixin.py:190} INFO - [2025-02-14T10:25:42.864+0000] {dag.py:4180} INFO - Setting next_dagrun for elfjane to None, run_after=None
[2025-02-14T10:25:42.898+0000] {processor.py:208} INFO - Processing /opt/airflow/dags/elfjane.py took 0.099 seconds
[2025-02-14T10:26:13.080+0000] {processor.py:186} INFO - Started process (PID=6063) to work on /opt/airflow/dags/elfjane.py
[2025-02-14T10:26:13.082+0000] {processor.py:914} INFO - Processing file /opt/airflow/dags/elfjane.py for tasks to queue
[2025-02-14T10:26:13.084+0000] {logging_mixin.py:190} INFO - [2025-02-14T10:26:13.084+0000] {dagbag.py:588} INFO - Filling up the DagBag from /opt/airflow/dags/elfjane.py
[2025-02-14T10:26:13.110+0000] {processor.py:925} INFO - DAG(s) 'elfjane' retrieved from /opt/airflow/dags/elfjane.py
[2025-02-14T10:26:13.125+0000] {logging_mixin.py:190} INFO - [2025-02-14T10:26:13.125+0000] {dag.py:3239} INFO - Sync 1 DAGs
[2025-02-14T10:26:13.144+0000] {logging_mixin.py:190} INFO - [2025-02-14T10:26:13.144+0000] {dag.py:4180} INFO - Setting next_dagrun for elfjane to None, run_after=None
[2025-02-14T10:26:13.162+0000] {processor.py:208} INFO - Processing /opt/airflow/dags/elfjane.py took 0.087 seconds
[2025-02-14T10:26:43.526+0000] {processor.py:186} INFO - Started process (PID=6128) to work on /opt/airflow/dags/elfjane.py
[2025-02-14T10:26:43.527+0000] {processor.py:914} INFO - Processing file /opt/airflow/dags/elfjane.py for tasks to queue
[2025-02-14T10:26:43.528+0000] {logging_mixin.py:190} INFO - [2025-02-14T10:26:43.528+0000] {dagbag.py:588} INFO - Filling up the DagBag from /opt/airflow/dags/elfjane.py
[2025-02-14T10:26:43.572+0000] {processor.py:925} INFO - DAG(s) 'elfjane' retrieved from /opt/airflow/dags/elfjane.py
[2025-02-14T10:26:43.585+0000] {logging_mixin.py:190} INFO - [2025-02-14T10:26:43.585+0000] {dag.py:3239} INFO - Sync 1 DAGs
[2025-02-14T10:26:43.605+0000] {logging_mixin.py:190} INFO - [2025-02-14T10:26:43.605+0000] {dag.py:4180} INFO - Setting next_dagrun for elfjane to None, run_after=None
[2025-02-14T10:26:43.631+0000] {processor.py:208} INFO - Processing /opt/airflow/dags/elfjane.py took 0.109 seconds
[2025-02-14T10:27:14.130+0000] {processor.py:186} INFO - Started process (PID=6193) to work on /opt/airflow/dags/elfjane.py
[2025-02-14T10:27:14.131+0000] {processor.py:914} INFO - Processing file /opt/airflow/dags/elfjane.py for tasks to queue
[2025-02-14T10:27:14.132+0000] {logging_mixin.py:190} INFO - [2025-02-14T10:27:14.132+0000] {dagbag.py:588} INFO - Filling up the DagBag from /opt/airflow/dags/elfjane.py
[2025-02-14T10:27:14.148+0000] {processor.py:925} INFO - DAG(s) 'elfjane' retrieved from /opt/airflow/dags/elfjane.py
[2025-02-14T10:27:14.161+0000] {logging_mixin.py:190} INFO - [2025-02-14T10:27:14.161+0000] {dag.py:3239} INFO - Sync 1 DAGs
[2025-02-14T10:27:14.175+0000] {logging_mixin.py:190} INFO - [2025-02-14T10:27:14.175+0000] {dag.py:4180} INFO - Setting next_dagrun for elfjane to None, run_after=None
[2025-02-14T10:27:14.188+0000] {processor.py:208} INFO - Processing /opt/airflow/dags/elfjane.py took 0.062 seconds
[2025-02-14T10:27:44.975+0000] {processor.py:186} INFO - Started process (PID=6258) to work on /opt/airflow/dags/elfjane.py
[2025-02-14T10:27:44.977+0000] {processor.py:914} INFO - Processing file /opt/airflow/dags/elfjane.py for tasks to queue
[2025-02-14T10:27:44.978+0000] {logging_mixin.py:190} INFO - [2025-02-14T10:27:44.978+0000] {dagbag.py:588} INFO - Filling up the DagBag from /opt/airflow/dags/elfjane.py
[2025-02-14T10:27:45.005+0000] {processor.py:925} INFO - DAG(s) 'elfjane' retrieved from /opt/airflow/dags/elfjane.py
[2025-02-14T10:27:45.022+0000] {logging_mixin.py:190} INFO - [2025-02-14T10:27:45.022+0000] {dag.py:3239} INFO - Sync 1 DAGs
[2025-02-14T10:27:45.041+0000] {logging_mixin.py:190} INFO - [2025-02-14T10:27:45.041+0000] {dag.py:4180} INFO - Setting next_dagrun for elfjane to None, run_after=None
[2025-02-14T10:27:45.057+0000] {processor.py:208} INFO - Processing /opt/airflow/dags/elfjane.py took 0.086 seconds
[2025-02-14T10:28:15.567+0000] {processor.py:186} INFO - Started process (PID=6323) to work on /opt/airflow/dags/elfjane.py
[2025-02-14T10:28:15.568+0000] {processor.py:914} INFO - Processing file /opt/airflow/dags/elfjane.py for tasks to queue
[2025-02-14T10:28:15.569+0000] {logging_mixin.py:190} INFO - [2025-02-14T10:28:15.569+0000] {dagbag.py:588} INFO - Filling up the DagBag from /opt/airflow/dags/elfjane.py
[2025-02-14T10:28:15.585+0000] {processor.py:925} INFO - DAG(s) 'elfjane' retrieved from /opt/airflow/dags/elfjane.py
[2025-02-14T10:28:15.597+0000] {logging_mixin.py:190} INFO - [2025-02-14T10:28:15.597+0000] {dag.py:3239} INFO - Sync 1 DAGs
[2025-02-14T10:28:15.624+0000] {logging_mixin.py:190} INFO - [2025-02-14T10:28:15.624+0000] {dag.py:4180} INFO - Setting next_dagrun for elfjane to None, run_after=None
[2025-02-14T10:28:15.641+0000] {processor.py:208} INFO - Processing /opt/airflow/dags/elfjane.py took 0.079 seconds
[2025-02-14T10:28:45.794+0000] {processor.py:186} INFO - Started process (PID=6388) to work on /opt/airflow/dags/elfjane.py
[2025-02-14T10:28:45.796+0000] {processor.py:914} INFO - Processing file /opt/airflow/dags/elfjane.py for tasks to queue
[2025-02-14T10:28:45.797+0000] {logging_mixin.py:190} INFO - [2025-02-14T10:28:45.797+0000] {dagbag.py:588} INFO - Filling up the DagBag from /opt/airflow/dags/elfjane.py
[2025-02-14T10:28:45.821+0000] {processor.py:925} INFO - DAG(s) 'elfjane' retrieved from /opt/airflow/dags/elfjane.py
[2025-02-14T10:28:45.837+0000] {logging_mixin.py:190} INFO - [2025-02-14T10:28:45.837+0000] {dag.py:3239} INFO - Sync 1 DAGs
[2025-02-14T10:28:45.858+0000] {logging_mixin.py:190} INFO - [2025-02-14T10:28:45.857+0000] {dag.py:4180} INFO - Setting next_dagrun for elfjane to None, run_after=None
[2025-02-14T10:28:45.886+0000] {processor.py:208} INFO - Processing /opt/airflow/dags/elfjane.py took 0.096 seconds
[2025-02-14T10:29:16.170+0000] {processor.py:186} INFO - Started process (PID=6453) to work on /opt/airflow/dags/elfjane.py
[2025-02-14T10:29:16.171+0000] {processor.py:914} INFO - Processing file /opt/airflow/dags/elfjane.py for tasks to queue
[2025-02-14T10:29:16.172+0000] {logging_mixin.py:190} INFO - [2025-02-14T10:29:16.172+0000] {dagbag.py:588} INFO - Filling up the DagBag from /opt/airflow/dags/elfjane.py
[2025-02-14T10:29:16.188+0000] {processor.py:925} INFO - DAG(s) 'elfjane' retrieved from /opt/airflow/dags/elfjane.py
[2025-02-14T10:29:16.201+0000] {logging_mixin.py:190} INFO - [2025-02-14T10:29:16.200+0000] {dag.py:3239} INFO - Sync 1 DAGs
[2025-02-14T10:29:16.217+0000] {logging_mixin.py:190} INFO - [2025-02-14T10:29:16.216+0000] {dag.py:4180} INFO - Setting next_dagrun for elfjane to None, run_after=None
[2025-02-14T10:29:16.312+0000] {processor.py:208} INFO - Processing /opt/airflow/dags/elfjane.py took 0.146 seconds
[2025-02-14T10:29:46.359+0000] {processor.py:186} INFO - Started process (PID=6563) to work on /opt/airflow/dags/elfjane.py
[2025-02-14T10:29:46.360+0000] {processor.py:914} INFO - Processing file /opt/airflow/dags/elfjane.py for tasks to queue
[2025-02-14T10:29:46.361+0000] {logging_mixin.py:190} INFO - [2025-02-14T10:29:46.360+0000] {dagbag.py:588} INFO - Filling up the DagBag from /opt/airflow/dags/elfjane.py
[2025-02-14T10:29:46.377+0000] {processor.py:925} INFO - DAG(s) 'elfjane' retrieved from /opt/airflow/dags/elfjane.py
[2025-02-14T10:29:46.459+0000] {logging_mixin.py:190} INFO - [2025-02-14T10:29:46.459+0000] {dag.py:3239} INFO - Sync 1 DAGs
[2025-02-14T10:29:46.482+0000] {logging_mixin.py:190} INFO - [2025-02-14T10:29:46.482+0000] {dag.py:4180} INFO - Setting next_dagrun for elfjane to None, run_after=None
[2025-02-14T10:29:46.506+0000] {processor.py:208} INFO - Processing /opt/airflow/dags/elfjane.py took 0.152 seconds
[2025-02-14T10:30:16.941+0000] {processor.py:186} INFO - Started process (PID=6627) to work on /opt/airflow/dags/elfjane.py
[2025-02-14T10:30:16.942+0000] {processor.py:914} INFO - Processing file /opt/airflow/dags/elfjane.py for tasks to queue
[2025-02-14T10:30:16.943+0000] {logging_mixin.py:190} INFO - [2025-02-14T10:30:16.943+0000] {dagbag.py:588} INFO - Filling up the DagBag from /opt/airflow/dags/elfjane.py
[2025-02-14T10:30:16.959+0000] {processor.py:925} INFO - DAG(s) 'elfjane' retrieved from /opt/airflow/dags/elfjane.py
[2025-02-14T10:30:16.973+0000] {logging_mixin.py:190} INFO - [2025-02-14T10:30:16.973+0000] {dag.py:3239} INFO - Sync 1 DAGs
[2025-02-14T10:30:16.991+0000] {logging_mixin.py:190} INFO - [2025-02-14T10:30:16.991+0000] {dag.py:4180} INFO - Setting next_dagrun for elfjane to None, run_after=None
[2025-02-14T10:30:17.009+0000] {processor.py:208} INFO - Processing /opt/airflow/dags/elfjane.py took 0.072 seconds
[2025-02-14T10:30:47.449+0000] {processor.py:186} INFO - Started process (PID=6736) to work on /opt/airflow/dags/elfjane.py
[2025-02-14T10:30:47.451+0000] {processor.py:914} INFO - Processing file /opt/airflow/dags/elfjane.py for tasks to queue
[2025-02-14T10:30:47.452+0000] {logging_mixin.py:190} INFO - [2025-02-14T10:30:47.452+0000] {dagbag.py:588} INFO - Filling up the DagBag from /opt/airflow/dags/elfjane.py
[2025-02-14T10:30:47.479+0000] {processor.py:925} INFO - DAG(s) 'elfjane' retrieved from /opt/airflow/dags/elfjane.py
[2025-02-14T10:30:47.502+0000] {logging_mixin.py:190} INFO - [2025-02-14T10:30:47.502+0000] {dag.py:3239} INFO - Sync 1 DAGs
[2025-02-14T10:30:47.524+0000] {logging_mixin.py:190} INFO - [2025-02-14T10:30:47.524+0000] {dag.py:4180} INFO - Setting next_dagrun for elfjane to None, run_after=None
[2025-02-14T10:30:47.547+0000] {processor.py:208} INFO - Processing /opt/airflow/dags/elfjane.py took 0.102 seconds
[2025-02-14T10:31:17.817+0000] {processor.py:186} INFO - Started process (PID=6801) to work on /opt/airflow/dags/elfjane.py
[2025-02-14T10:31:17.818+0000] {processor.py:914} INFO - Processing file /opt/airflow/dags/elfjane.py for tasks to queue
[2025-02-14T10:31:17.819+0000] {logging_mixin.py:190} INFO - [2025-02-14T10:31:17.819+0000] {dagbag.py:588} INFO - Filling up the DagBag from /opt/airflow/dags/elfjane.py
[2025-02-14T10:31:17.842+0000] {processor.py:925} INFO - DAG(s) 'elfjane' retrieved from /opt/airflow/dags/elfjane.py
[2025-02-14T10:31:17.855+0000] {logging_mixin.py:190} INFO - [2025-02-14T10:31:17.855+0000] {dag.py:3239} INFO - Sync 1 DAGs
[2025-02-14T10:31:17.870+0000] {logging_mixin.py:190} INFO - [2025-02-14T10:31:17.870+0000] {dag.py:4180} INFO - Setting next_dagrun for elfjane to None, run_after=None
[2025-02-14T10:31:17.934+0000] {processor.py:208} INFO - Processing /opt/airflow/dags/elfjane.py took 0.121 seconds
[2025-02-14T10:31:48.442+0000] {processor.py:186} INFO - Started process (PID=6888) to work on /opt/airflow/dags/elfjane.py
[2025-02-14T10:31:48.443+0000] {processor.py:914} INFO - Processing file /opt/airflow/dags/elfjane.py for tasks to queue
[2025-02-14T10:31:48.445+0000] {logging_mixin.py:190} INFO - [2025-02-14T10:31:48.444+0000] {dagbag.py:588} INFO - Filling up the DagBag from /opt/airflow/dags/elfjane.py
[2025-02-14T10:31:48.460+0000] {processor.py:925} INFO - DAG(s) 'elfjane' retrieved from /opt/airflow/dags/elfjane.py
[2025-02-14T10:31:48.473+0000] {logging_mixin.py:190} INFO - [2025-02-14T10:31:48.473+0000] {dag.py:3239} INFO - Sync 1 DAGs
[2025-02-14T10:31:48.489+0000] {logging_mixin.py:190} INFO - [2025-02-14T10:31:48.489+0000] {dag.py:4180} INFO - Setting next_dagrun for elfjane to None, run_after=None
[2025-02-14T10:31:48.512+0000] {processor.py:208} INFO - Processing /opt/airflow/dags/elfjane.py took 0.074 seconds
[2025-02-14T10:32:19.054+0000] {processor.py:186} INFO - Started process (PID=6954) to work on /opt/airflow/dags/elfjane.py
[2025-02-14T10:32:19.055+0000] {processor.py:914} INFO - Processing file /opt/airflow/dags/elfjane.py for tasks to queue
[2025-02-14T10:32:19.056+0000] {logging_mixin.py:190} INFO - [2025-02-14T10:32:19.055+0000] {dagbag.py:588} INFO - Filling up the DagBag from /opt/airflow/dags/elfjane.py
[2025-02-14T10:32:19.073+0000] {processor.py:925} INFO - DAG(s) 'elfjane' retrieved from /opt/airflow/dags/elfjane.py
[2025-02-14T10:32:19.088+0000] {logging_mixin.py:190} INFO - [2025-02-14T10:32:19.088+0000] {dag.py:3239} INFO - Sync 1 DAGs
[2025-02-14T10:32:19.103+0000] {logging_mixin.py:190} INFO - [2025-02-14T10:32:19.102+0000] {dag.py:4180} INFO - Setting next_dagrun for elfjane to None, run_after=None
[2025-02-14T10:32:19.122+0000] {processor.py:208} INFO - Processing /opt/airflow/dags/elfjane.py took 0.072 seconds
[2025-02-14T10:32:49.437+0000] {processor.py:186} INFO - Started process (PID=7021) to work on /opt/airflow/dags/elfjane.py
[2025-02-14T10:32:49.441+0000] {processor.py:914} INFO - Processing file /opt/airflow/dags/elfjane.py for tasks to queue
[2025-02-14T10:32:49.443+0000] {logging_mixin.py:190} INFO - [2025-02-14T10:32:49.442+0000] {dagbag.py:588} INFO - Filling up the DagBag from /opt/airflow/dags/elfjane.py
[2025-02-14T10:32:49.509+0000] {processor.py:925} INFO - DAG(s) 'elfjane' retrieved from /opt/airflow/dags/elfjane.py
[2025-02-14T10:32:49.528+0000] {logging_mixin.py:190} INFO - [2025-02-14T10:32:49.528+0000] {dag.py:3239} INFO - Sync 1 DAGs
[2025-02-14T10:32:49.543+0000] {logging_mixin.py:190} INFO - [2025-02-14T10:32:49.543+0000] {dag.py:4180} INFO - Setting next_dagrun for elfjane to None, run_after=None
[2025-02-14T10:32:49.564+0000] {processor.py:208} INFO - Processing /opt/airflow/dags/elfjane.py took 0.131 seconds
[2025-02-14T10:33:19.996+0000] {processor.py:186} INFO - Started process (PID=7089) to work on /opt/airflow/dags/elfjane.py
[2025-02-14T10:33:19.997+0000] {processor.py:914} INFO - Processing file /opt/airflow/dags/elfjane.py for tasks to queue
[2025-02-14T10:33:19.998+0000] {logging_mixin.py:190} INFO - [2025-02-14T10:33:19.997+0000] {dagbag.py:588} INFO - Filling up the DagBag from /opt/airflow/dags/elfjane.py
[2025-02-14T10:33:20.015+0000] {processor.py:925} INFO - DAG(s) 'elfjane' retrieved from /opt/airflow/dags/elfjane.py
[2025-02-14T10:33:20.033+0000] {logging_mixin.py:190} INFO - [2025-02-14T10:33:20.033+0000] {dag.py:3239} INFO - Sync 1 DAGs
[2025-02-14T10:33:20.054+0000] {logging_mixin.py:190} INFO - [2025-02-14T10:33:20.054+0000] {dag.py:4180} INFO - Setting next_dagrun for elfjane to None, run_after=None
[2025-02-14T10:33:20.082+0000] {processor.py:208} INFO - Processing /opt/airflow/dags/elfjane.py took 0.090 seconds
[2025-02-14T10:33:50.473+0000] {processor.py:186} INFO - Started process (PID=7156) to work on /opt/airflow/dags/elfjane.py
[2025-02-14T10:33:50.474+0000] {processor.py:914} INFO - Processing file /opt/airflow/dags/elfjane.py for tasks to queue
[2025-02-14T10:33:50.479+0000] {logging_mixin.py:190} INFO - [2025-02-14T10:33:50.479+0000] {dagbag.py:588} INFO - Filling up the DagBag from /opt/airflow/dags/elfjane.py
[2025-02-14T10:33:50.526+0000] {processor.py:925} INFO - DAG(s) 'elfjane' retrieved from /opt/airflow/dags/elfjane.py
[2025-02-14T10:33:50.541+0000] {logging_mixin.py:190} INFO - [2025-02-14T10:33:50.541+0000] {dag.py:3239} INFO - Sync 1 DAGs
[2025-02-14T10:33:50.560+0000] {logging_mixin.py:190} INFO - [2025-02-14T10:33:50.559+0000] {dag.py:4180} INFO - Setting next_dagrun for elfjane to None, run_after=None
[2025-02-14T10:33:50.578+0000] {processor.py:208} INFO - Processing /opt/airflow/dags/elfjane.py took 0.110 seconds
[2025-02-14T10:34:20.880+0000] {processor.py:186} INFO - Started process (PID=7225) to work on /opt/airflow/dags/elfjane.py
[2025-02-14T10:34:20.881+0000] {processor.py:914} INFO - Processing file /opt/airflow/dags/elfjane.py for tasks to queue
[2025-02-14T10:34:20.883+0000] {logging_mixin.py:190} INFO - [2025-02-14T10:34:20.883+0000] {dagbag.py:588} INFO - Filling up the DagBag from /opt/airflow/dags/elfjane.py
[2025-02-14T10:34:20.932+0000] {processor.py:925} INFO - DAG(s) 'elfjane' retrieved from /opt/airflow/dags/elfjane.py
[2025-02-14T10:34:20.945+0000] {logging_mixin.py:190} INFO - [2025-02-14T10:34:20.945+0000] {dag.py:3239} INFO - Sync 1 DAGs
[2025-02-14T10:34:20.959+0000] {logging_mixin.py:190} INFO - [2025-02-14T10:34:20.959+0000] {dag.py:4180} INFO - Setting next_dagrun for elfjane to None, run_after=None
[2025-02-14T10:34:20.972+0000] {processor.py:208} INFO - Processing /opt/airflow/dags/elfjane.py took 0.095 seconds
[2025-02-14T10:34:51.321+0000] {processor.py:186} INFO - Started process (PID=7291) to work on /opt/airflow/dags/elfjane.py
[2025-02-14T10:34:51.327+0000] {processor.py:914} INFO - Processing file /opt/airflow/dags/elfjane.py for tasks to queue
[2025-02-14T10:34:51.329+0000] {logging_mixin.py:190} INFO - [2025-02-14T10:34:51.329+0000] {dagbag.py:588} INFO - Filling up the DagBag from /opt/airflow/dags/elfjane.py
[2025-02-14T10:34:51.364+0000] {processor.py:925} INFO - DAG(s) 'elfjane' retrieved from /opt/airflow/dags/elfjane.py
[2025-02-14T10:34:51.401+0000] {logging_mixin.py:190} INFO - [2025-02-14T10:34:51.401+0000] {dag.py:3239} INFO - Sync 1 DAGs
[2025-02-14T10:34:51.446+0000] {logging_mixin.py:190} INFO - [2025-02-14T10:34:51.446+0000] {dag.py:4180} INFO - Setting next_dagrun for elfjane to None, run_after=None
[2025-02-14T10:34:51.524+0000] {processor.py:208} INFO - Processing /opt/airflow/dags/elfjane.py took 0.220 seconds
[2025-02-14T10:49:53.345+0000] {processor.py:186} INFO - Started process (PID=7298) to work on /opt/airflow/dags/elfjane.py
[2025-02-14T10:49:53.347+0000] {processor.py:914} INFO - Processing file /opt/airflow/dags/elfjane.py for tasks to queue
[2025-02-14T10:49:53.349+0000] {logging_mixin.py:190} INFO - [2025-02-14T10:49:53.349+0000] {dagbag.py:588} INFO - Filling up the DagBag from /opt/airflow/dags/elfjane.py
[2025-02-14T10:49:53.394+0000] {processor.py:925} INFO - DAG(s) 'elfjane' retrieved from /opt/airflow/dags/elfjane.py
[2025-02-14T10:49:53.432+0000] {logging_mixin.py:190} INFO - [2025-02-14T10:49:53.432+0000] {dag.py:3239} INFO - Sync 1 DAGs
[2025-02-14T10:49:53.461+0000] {logging_mixin.py:190} INFO - [2025-02-14T10:49:53.461+0000] {dag.py:4180} INFO - Setting next_dagrun for elfjane to None, run_after=None
[2025-02-14T10:49:53.492+0000] {processor.py:208} INFO - Processing /opt/airflow/dags/elfjane.py took 0.153 seconds
